0.159 0.007 0.037 0.075 4.403 6.476 4.873 5.425 6.158 6.163 6.604 8.533 12.953 10.261 12.299 12.425 12.002 9.209 19.119 14.103 14.994 16.834 16.317 15.844 2.645 1.284 1666.000 17.000 
1.705 3.477 4.770 6.363 3.357 4.204 4.904 8.069 6.350 5.955 7.736 8.539 11.192 9.980 10.478 10.322 11.777 13.233 14.447 13.772 15.675 20.977 16.558 16.641 2.913 0.926 1666.000 17.000 
0.244 0.005 0.031 0.049 3.331 6.655 3.561 5.518 6.260 8.398 10.887 8.227 9.084 7.322 10.991 11.379 12.380 16.744 13.179 10.494 15.671 16.958 16.055 18.648 2.631 1.317 1666.000 17.000 
1.884 3.649 4.835 6.757 3.847 4.089 5.037 5.950 6.185 6.893 7.760 8.218 9.248 11.803 9.956 12.119 12.023 12.553 13.507 14.082 15.051 15.292 16.149 16.451 2.906 0.916 1666.000 17.000 
0.125 0.029 0.077 0.440 4.245 5.185 4.871 5.392 6.247 6.987 7.498 10.902 9.268 11.725 10.478 11.234 12.077 19.212 13.553 13.941 15.610 16.569 17.347 10.942 2.705 1.118 1666.000 17.000 
1.787 3.379 5.534 7.206 3.429 4.861 5.431 6.112 6.585 6.940 7.744 9.620 10.113 9.808 10.344 11.243 11.058 12.566 13.858 14.064 15.068 15.579 16.064 16.789 2.901 0.908 1666.000 17.000 
0.003 0.001 0.036 0.077 3.829 4.133 5.309 5.157 5.623 7.026 8.170 8.580 8.958 11.050 10.499 13.870 11.616 13.131 16.627 14.020 16.971 15.386 16.168 17.981 2.578 1.390 1666.000 17.000 
1.535 2.812 5.957 5.685 3.475 6.414 8.477 4.709 5.145 7.084 7.725 8.476 9.003 9.809 12.063 18.431 11.840 12.902 14.361 14.162 14.784 15.308 16.090 16.535 2.901 0.916 1666.000 17.000 
0.066 0.024 0.069 0.179 3.899 4.353 4.395 6.070 6.724 8.948 7.670 8.601 9.066 9.594 9.470 11.128 11.738 12.420 13.428 13.882 14.613 16.882 16.199 18.750 2.668 1.174 1666.000 17.000 
1.416 3.821 5.145 7.756 3.178 4.162 5.722 6.316 6.771 6.757 7.623 10.821 9.111 10.078 10.069 11.330 11.925 12.689 13.429 14.181 14.824 15.596 16.451 17.451 2.907 0.914 1666.000 17.000 
0.077 0.188 0.213 0.028 3.568 5.955 5.370 5.624 7.632 6.967 8.909 8.985 8.905 10.246 10.609 11.187 13.925 13.239 13.653 14.241 13.858 20.358 16.125 16.568 2.672 1.172 1666.000 17.000 
1.471 1.732 5.756 6.269 3.534 4.267 5.806 8.518 6.545 9.218 11.932 8.590 16.464 10.580 10.688 11.132 11.907 12.876 13.348 15.754 13.501 15.507 22.378 17.166 2.909 0.928 1666.000 17.000 
0.678 0.038 0.057 0.075 4.055 7.162 3.586 7.127 6.924 7.928 6.579 8.441 8.292 11.253 12.015 11.237 12.006 10.491 14.538 15.590 14.832 15.292 19.759 16.605 2.677 1.197 1666.000 17.000 
1.696 3.940 4.309 4.900 3.504 8.933 8.930 5.554 7.881 6.977 7.965 8.358 9.484 14.479 10.608 12.346 11.814 12.692 13.245 13.999 16.980 19.631 16.476 16.630 2.900 0.920 1666.000 17.000 
0.424 0.078 0.074 0.075 3.945 4.065 4.883 5.691 6.336 7.756 8.079 7.832 9.108 13.563 10.597 10.705 11.971 13.375 13.421 14.061 15.362 15.167 16.236 16.815 2.663 1.150 1666.000 17.000 
1.691 3.296 5.603 5.108 3.502 4.187 3.166 4.771 6.156 7.272 7.591 8.673 9.015 9.905 11.038 16.987 14.198 18.705 13.382 14.754 14.661 15.514 16.399 17.033 2.907 0.923 1666.000 17.000 
0.070 0.418 0.068 0.079 4.689 4.301 6.000 7.487 6.302 8.622 6.366 7.975 9.526 9.792 9.929 11.922 11.506 12.881 12.875 14.162 16.612 15.562 15.008 17.576 2.690 1.148 1666.000 17.000 
1.583 3.945 4.926 7.012 3.291 5.391 4.872 5.709 6.709 7.418 7.765 8.605 8.218 9.773 10.569 10.391 11.925 12.714 13.454 13.953 14.666 14.828 16.191 20.832 2.906 0.915 1666.000 17.000 
0.014 0.032 0.387 0.035 3.758 5.161 4.891 5.664 6.396 8.056 7.660 6.025 9.926 9.311 10.566 11.165 12.086 14.908 12.280 11.587 14.836 12.339 13.507 16.846 2.664 1.215 1666.000 17.000 
1.481 3.748 4.493 7.264 3.987 2.711 4.904 5.967 6.359 7.791 9.055 8.410 10.268 9.533 10.483 12.758 11.492 12.605 13.304 16.082 14.613 16.088 16.492 17.038 2.903 0.913 1666.000 17.000 
0.038 0.042 0.159 0.106 3.806 4.676 5.366 6.660 7.363 6.926 7.314 10.204 9.256 11.393 10.598 11.466 10.726 11.205 13.312 14.337 14.589 15.514 14.421 16.865 2.676 1.163 1666.000 17.000 
1.969 3.535 5.366 7.842 3.839 4.340 5.487 6.033 6.586 6.783 8.643 8.595 9.081 9.756 10.731 11.282 12.845 12.262 13.276 13.636 14.595 16.260 16.114 16.559 2.911 0.915 1666.000 17.000 
0.415 0.030 0.008 0.052 3.761 5.325 5.178 5.839 5.417 9.754 9.944 6.043 9.657 14.030 10.548 10.967 14.109 16.192 13.418 14.485 17.545 14.623 16.479 16.810 2.630 1.310 1666.000 17.000 
1.310 3.931 3.620 5.933 4.934 2.367 4.918 5.237 6.342 10.454 8.725 8.451 9.246 10.040 10.507 11.816 11.800 14.109 15.221 13.988 15.144 15.573 16.597 16.912 2.897 0.917 1666.000 17.000 
0.005 0.013 0.064 0.675 4.126 4.262 5.629 6.641 7.440 7.910 8.213 8.514 8.545 12.092 8.887 11.642 12.048 12.757 13.555 16.008 14.684 15.342 15.904 17.182 2.679 1.157 1666.000 17.000 
0.829 3.159 5.642 6.206 3.410 4.346 4.286 5.461 8.153 6.957 8.010 8.402 9.271 9.913 12.258 11.140 11.860 12.459 13.346 13.829 14.790 16.266 16.498 18.234 2.899 0.915 1666.000 17.000 
0.038 0.640 0.158 0.031 4.310 4.087 4.904 6.988 7.744 7.014 7.958 10.631 9.188 9.638 10.284 12.003 12.176 12.517 12.960 15.597 15.156 15.410 15.871 16.994 2.674 1.149 1666.000 17.000 
1.720 3.642 5.337 6.864 3.429 4.550 6.701 5.598 6.715 7.880 7.288 8.331 9.202 10.730 11.064 11.204 11.899 12.955 13.282 14.130 14.637 17.280 16.201 16.982 2.898 0.906 1666.000 17.000 
0.617 0.032 0.042 0.019 4.466 4.248 7.840 4.358 6.859 7.790 7.148 11.606 7.303 10.848 10.672 9.875 12.098 12.625 14.272 14.920 14.510 18.864 16.218 16.833 2.633 1.286 1666.000 17.000 
1.897 3.242 4.685 5.603 4.163 7.037 8.079 6.291 6.427 7.218 10.802 10.296 13.533 9.844 10.621 10.955 12.061 13.460 13.250 15.726 14.957 15.502 15.819 16.896 2.908 0.924 1666.000 17.000 
0.025 0.019 1.945 0.043 5.013 4.189 3.959 6.321 5.863 6.908 8.259 7.771 9.196 8.978 14.036 11.964 11.135 12.602 11.054 14.126 15.177 16.812 15.131 17.006 2.695 1.140 1666.000 17.000 
1.557 3.996 3.264 6.924 2.637 4.247 3.970 5.657 5.810 8.957 7.590 8.433 9.406 9.810 16.865 11.918 11.850 12.617 13.715 13.907 14.692 16.379 16.177 17.609 2.897 0.914 1666.000 17.000 
0.212 0.212 0.064 0.051 3.830 5.175 4.827 5.945 5.431 6.487 7.145 8.387 10.616 9.804 10.530 10.935 11.948 13.013 12.543 15.526 14.717 15.396 17.717 17.235 2.662 1.161 1666.000 17.000 
2.000 3.224 5.837 7.687 4.252 4.601 3.925 4.723 7.151 6.924 7.878 8.509 8.321 9.879 9.062 11.449 11.836 12.712 13.332 14.027 14.838 15.577 16.106 17.144 2.905 0.909 1666.000 17.000 
0.258 0.751 0.380 0.050 2.176 4.446 5.413 7.241 6.098 4.032 4.665 9.302 11.234 9.944 12.261 11.231 11.389 10.478 13.546 15.978 14.807 17.190 16.613 16.830 2.728 1.081 1666.000 17.000 
1.582 2.873 5.273 5.618 4.236 4.202 4.463 5.650 5.633 7.605 7.710 13.447 8.997 9.843 13.550 11.357 11.808 16.344 13.250 13.982 14.607 19.000 16.040 17.055 2.901 0.918 1666.000 17.000 
0.000 0.020 0.415 0.133 3.969 4.165 5.099 5.641 7.304 7.424 7.714 8.407 9.259 8.622 11.349 11.237 11.399 13.622 13.395 12.838 14.838 15.047 16.156 15.806 2.651 1.207 1666.000 17.000 
1.563 3.266 3.801 6.414 3.984 5.315 6.608 5.534 6.921 6.995 7.710 8.551 8.962 8.880 13.589 13.096 11.936 12.695 13.345 13.948 17.686 17.537 16.373 17.092 2.903 0.921 1666.000 17.000 
0.010 0.036 0.248 0.028 4.154 6.268 6.264 6.521 6.613 7.008 7.791 8.469 10.898 9.846 14.044 11.653 11.903 12.652 15.674 14.308 14.731 16.291 18.023 17.225 2.639 1.234 1666.000 17.000 
1.833 3.942 4.296 7.272 3.229 4.356 4.005 4.842 6.262 7.088 8.690 8.634 8.726 11.346 10.264 9.861 11.884 16.445 15.683 14.239 14.677 15.506 16.054 17.732 2.915 0.924 1666.000 17.000 
