0.084 0.020 0.332 0.631 3.565 4.463 5.756 6.579 7.283 8.151 8.080 8.089 12.404 14.625 10.835 11.918 6.591 22.572 7.098 25.316 36.623 38.920 13.373 22.157 0.171 0.173 6.048 2222.000 22.000 
0.061 0.223 4.950 7.058 3.470 4.271 4.830 5.601 7.623 8.389 7.347 10.376 8.652 9.946 7.030 17.616 15.226 15.127 22.584 24.118 26.572 27.804 12.553 13.154 0.134 0.130 5.973 2222.000 22.000 
1.669 3.085 3.957 5.452 3.789 4.904 7.030 4.056 7.719 5.945 7.741 8.050 9.345 11.332 10.839 11.327 33.052 0.899 12.757 13.129 14.963 14.411 14.831 18.840 0.836 0.498 1.326 2222.000 22.000 
0.074 0.087 0.421 0.445 3.611 4.534 4.074 7.351 6.822 7.642 6.758 7.367 4.961 17.082 9.882 12.833 11.751 12.618 22.509 23.829 14.209 14.760 10.329 28.197 0.119 0.123 5.977 2222.000 22.000 
0.075 0.008 5.603 7.653 3.070 3.708 5.043 5.812 6.341 6.897 12.774 13.727 9.704 10.259 6.412 19.217 12.934 14.182 16.391 16.907 5.874 33.075 29.166 29.777 0.151 0.150 6.043 2222.000 22.000 
1.999 0.821 3.698 3.034 3.726 3.861 3.495 8.589 3.345 13.379 7.679 8.270 10.193 9.254 12.495 13.688 9.414 17.855 14.752 14.301 6.204 32.019 34.554 36.371 0.417 0.666 2.567 2222.000 22.000 
0.141 0.031 0.612 0.583 3.994 3.937 2.847 9.933 6.358 6.707 16.883 18.877 9.882 9.788 10.788 11.268 19.364 8.476 14.151 15.494 14.903 15.673 16.643 16.437 0.119 0.126 5.962 2222.000 22.000 
0.041 0.087 5.569 7.800 4.130 3.833 5.431 5.376 8.610 9.487 6.749 7.326 9.273 9.776 1.328 29.350 14.639 12.978 15.427 14.648 17.885 18.305 19.179 19.807 0.129 0.128 6.014 2222.000 22.000 
1.451 3.508 4.868 6.624 3.971 5.364 6.318 5.770 6.493 6.124 8.079 9.706 12.082 12.573 16.279 17.157 9.023 9.926 14.128 12.843 18.593 13.289 15.443 17.541 1.116 0.227 1.311 2222.000 22.000 
0.599 1.927 0.557 0.080 3.350 4.284 8.070 8.367 6.640 6.836 8.426 9.459 11.010 11.774 10.620 12.573 14.462 11.172 12.532 14.171 8.129 26.659 14.652 19.777 0.104 0.773 3.810 2222.000 22.000 
0.017 0.439 5.312 7.702 3.498 4.218 4.695 6.079 9.666 11.037 8.103 8.644 8.934 9.883 10.510 11.591 11.311 11.916 13.610 15.540 16.354 15.006 15.822 17.398 0.054 0.047 5.919 2222.000 22.000 
1.350 3.706 2.951 7.371 4.178 3.848 11.647 13.360 2.743 14.067 5.146 13.508 21.654 23.477 11.100 11.913 12.582 14.017 12.776 14.259 15.304 14.830 20.626 21.478 0.962 0.482 1.388 2222.000 22.000 
0.489 0.664 0.148 0.504 3.312 3.911 5.577 6.249 7.852 8.479 5.538 6.188 8.863 9.514 15.501 16.249 23.326 26.638 25.646 6.897 18.260 19.735 22.229 13.967 0.162 0.353 4.938 2222.000 22.000 
0.522 0.375 5.977 7.921 6.137 7.366 8.872 10.259 11.301 11.048 5.398 5.904 11.968 12.180 7.242 17.108 29.620 2.106 13.098 14.485 25.777 9.131 18.205 16.522 0.312 0.235 5.302 2222.000 22.000 
1.405 2.019 5.076 4.792 3.476 4.136 4.815 5.911 12.443 3.360 8.475 8.132 15.635 5.912 11.259 10.526 11.380 14.091 19.219 20.310 16.413 17.691 19.959 21.724 0.595 0.269 2.503 2222.000 22.000 
0.541 0.472 0.353 0.911 4.932 5.885 5.714 5.098 7.208 6.409 11.594 12.719 4.577 18.702 10.013 11.716 3.516 3.889 11.664 17.214 12.652 19.747 12.892 22.880 0.163 0.322 5.006 2222.000 22.000 
0.156 1.232 5.875 7.690 2.990 3.508 5.652 5.755 13.027 2.880 10.595 11.682 8.060 11.021 10.919 11.646 13.242 13.796 13.628 13.908 13.541 18.558 15.611 17.659 0.187 0.100 4.955 2222.000 22.000 
1.077 2.667 3.722 6.025 5.632 2.594 5.291 5.624 6.739 7.370 13.664 14.340 18.091 19.186 15.778 8.630 16.730 9.751 23.305 25.165 19.036 12.868 24.951 11.358 0.636 0.394 2.588 2222.000 22.000 
0.117 0.022 0.261 0.018 4.653 5.586 5.584 6.299 2.169 2.356 15.099 4.025 9.790 10.890 7.655 7.983 20.944 22.256 10.536 10.979 19.994 21.311 18.965 19.995 0.184 0.189 6.037 2222.000 22.000 
0.728 0.119 5.555 7.376 3.699 4.400 7.434 8.426 7.617 9.165 2.461 18.978 3.435 21.110 11.311 11.984 12.807 12.133 13.447 14.056 24.460 9.861 17.126 18.016 0.237 0.155 4.976 2222.000 22.000 
1.884 2.668 2.214 7.326 3.910 4.465 9.586 10.901 6.879 7.785 6.548 11.622 10.854 12.633 13.343 13.587 14.919 10.969 14.106 14.194 15.809 14.297 19.469 14.063 0.765 0.542 1.310 2222.000 22.000 
0.673 0.249 0.158 0.350 8.444 10.088 6.349 7.149 14.416 2.131 8.088 9.458 9.957 9.310 12.053 15.222 15.697 16.505 9.239 9.665 19.924 12.648 14.555 19.927 0.187 0.370 4.991 2222.000 22.000 
0.034 0.368 5.446 7.721 3.405 4.089 8.707 3.690 6.644 7.134 7.546 8.431 19.209 20.795 7.471 7.938 12.141 13.321 13.398 14.513 9.169 9.560 13.273 23.038 0.147 0.141 6.000 2222.000 22.000 
1.641 3.132 1.910 7.582 3.620 4.220 7.946 9.121 7.429 8.548 8.608 10.424 17.859 18.867 8.768 14.100 11.582 14.406 4.538 31.381 22.274 23.751 35.999 37.265 0.838 0.656 1.401 2222.000 22.000 
0.392 0.298 0.027 0.391 3.196 3.941 5.094 5.310 8.997 5.387 8.143 9.179 9.188 9.775 9.133 9.430 5.388 25.291 11.728 12.507 26.076 27.780 15.091 18.570 0.121 0.207 5.897 2222.000 22.000 
0.808 3.018 5.745 7.941 3.351 4.087 5.054 5.618 5.658 8.369 8.883 7.634 10.573 10.357 9.695 12.602 11.347 14.410 16.228 16.500 16.661 14.532 21.714 22.052 0.807 0.066 2.948 2222.000 22.000 
0.427 3.985 4.461 5.858 4.949 5.664 4.698 6.437 6.598 7.796 8.462 10.202 6.028 15.721 29.498 30.470 11.724 13.921 13.081 15.946 11.279 11.836 24.237 25.039 0.676 0.313 2.566 2222.000 22.000 
0.019 1.217 0.121 0.924 3.781 3.990 5.505 5.815 6.837 7.636 8.905 10.593 8.655 12.246 10.580 11.290 19.181 8.213 12.305 15.711 11.814 21.174 28.929 9.899 0.109 0.216 5.535 2222.000 22.000 
0.012 0.396 4.867 7.930 6.604 7.747 4.554 5.183 5.940 7.108 9.675 9.572 9.790 10.839 14.158 15.037 9.000 18.258 12.863 14.003 16.705 17.874 32.276 34.274 0.141 0.135 5.990 2222.000 22.000 
1.624 3.191 5.149 3.238 3.647 4.596 12.408 14.374 7.867 8.984 8.862 9.349 9.401 9.865 10.065 11.747 13.300 11.558 12.252 16.120 13.053 17.335 18.994 14.411 0.747 0.570 1.314 2222.000 22.000 
0.112 0.024 0.277 0.176 1.669 1.988 9.515 10.940 12.565 13.790 15.682 3.442 10.433 9.135 10.782 11.310 19.617 8.290 13.722 15.064 26.760 28.369 21.946 22.811 0.224 0.228 6.079 2222.000 22.000 
0.109 0.299 5.791 7.618 6.895 8.340 9.884 2.555 5.117 9.647 4.335 14.870 12.293 13.305 19.337 20.396 11.699 12.708 19.390 20.619 33.427 35.293 19.803 18.641 0.245 0.236 6.128 2222.000 22.000 
1.481 3.447 5.656 5.650 4.524 3.439 6.287 4.782 5.424 6.072 8.355 8.888 8.140 10.156 8.835 9.444 14.240 11.234 4.006 31.239 23.238 24.571 16.343 19.317 1.149 0.246 1.337 2222.000 22.000 
0.094 0.303 0.015 0.200 3.435 4.146 5.231 5.271 3.569 12.756 3.143 2.993 7.859 8.225 5.027 21.953 14.558 15.430 7.893 24.565 25.984 26.977 18.504 18.971 0.196 0.214 6.076 2222.000 22.000 
0.099 0.075 5.992 7.907 9.007 10.808 2.799 9.929 6.979 7.687 7.119 7.811 11.810 12.534 19.430 20.777 9.334 17.815 13.251 14.396 15.903 16.790 16.763 17.162 0.161 0.158 6.007 2222.000 22.000 
1.726 2.955 4.551 2.622 2.946 3.389 4.733 6.287 3.754 12.069 5.954 11.903 9.585 12.199 21.994 22.589 10.234 15.275 10.044 10.897 9.403 25.757 25.775 27.727 0.665 0.874 1.386 2222.000 22.000 
0.044 0.085 0.091 0.211 6.177 2.409 5.315 5.854 5.650 8.234 17.724 19.493 10.894 8.703 7.802 8.272 6.833 22.780 9.750 20.690 24.533 9.715 18.256 21.024 0.196 0.199 6.081 2222.000 22.000 
0.380 0.913 5.850 7.821 8.178 9.708 5.310 5.847 8.975 5.498 11.019 11.432 15.403 16.627 10.783 12.563 13.095 10.886 12.863 16.381 11.786 20.949 14.764 15.394 0.257 0.155 4.925 2222.000 22.000 
1.625 3.158 0.494 6.768 3.765 4.477 9.470 10.467 3.217 13.331 7.382 8.502 9.787 11.103 10.467 11.705 14.293 10.945 7.216 25.361 19.216 19.587 37.524 4.777 0.534 1.107 1.378 2222.000 22.000 
0.008 1.302 0.120 0.649 4.649 5.655 5.595 5.416 6.268 7.040 7.346 9.001 8.950 9.994 10.629 11.517 12.011 12.513 15.323 14.640 14.573 16.269 17.133 18.748 0.042 0.164 5.328 2222.000 22.000 
0.061 1.156 5.917 7.771 7.694 1.414 3.601 8.290 3.002 13.905 8.277 9.111 19.684 20.280 11.254 11.526 12.666 12.401 15.490 16.433 16.385 17.225 37.034 38.403 0.269 0.209 5.588 2222.000 22.000 
1.690 1.434 5.992 1.268 3.470 3.958 11.923 1.333 7.660 8.385 12.916 15.231 8.697 10.400 9.733 11.491 9.900 16.639 15.987 17.119 20.599 21.171 15.440 15.337 0.469 0.499 2.542 2222.000 22.000 
0.290 0.973 0.643 0.360 3.221 4.328 5.875 7.198 6.663 6.813 15.150 4.119 7.596 8.336 10.305 11.260 11.708 13.022 13.886 15.284 13.721 18.060 21.564 13.540 0.096 0.258 4.940 2222.000 22.000 
0.377 0.340 5.874 7.714 3.291 5.240 8.926 10.323 6.669 7.376 5.129 13.250 8.397 10.031 10.052 10.578 20.786 7.406 11.576 16.962 17.457 16.090 27.606 10.699 0.195 0.151 5.905 2222.000 22.000 
1.703 2.993 1.433 4.698 7.949 1.326 4.824 5.998 7.228 7.069 8.185 9.113 10.682 11.572 11.518 10.647 20.822 7.516 13.908 13.183 14.691 14.776 26.418 27.357 0.410 1.223 1.330 2222.000 22.000 
0.550 0.138 1.142 0.026 3.243 4.187 5.350 4.846 5.181 9.861 11.254 12.859 10.208 11.107 11.589 11.527 10.807 14.558 13.210 14.064 15.725 14.674 22.277 23.452 0.091 0.190 5.559 2222.000 22.000 
0.752 1.614 5.927 7.798 3.278 4.014 4.204 7.234 9.325 10.346 7.996 7.741 10.744 11.167 13.312 13.881 14.679 14.939 7.235 7.652 15.285 15.345 17.338 18.511 0.456 0.104 3.827 2222.000 22.000 
1.512 3.411 5.489 3.941 3.435 4.221 8.832 10.011 5.886 7.411 6.568 10.751 5.209 5.611 11.422 10.652 9.702 17.021 17.024 18.147 16.203 15.364 19.909 20.594 0.885 0.413 1.313 2222.000 22.000 
0.252 0.981 0.103 0.406 4.003 4.733 7.634 8.708 10.927 4.143 3.179 17.417 8.967 10.172 13.446 9.584 20.864 21.864 11.122 18.012 15.666 14.885 17.101 17.853 0.148 0.307 5.091 2222.000 22.000 
0.048 0.265 5.967 7.813 3.420 4.570 5.531 5.190 5.932 7.822 10.922 10.529 8.719 10.650 11.948 10.356 26.061 4.326 12.101 12.715 17.133 13.771 36.124 5.510 0.148 0.143 5.987 2222.000 22.000 
1.919 2.590 2.499 2.290 2.862 3.423 5.041 6.324 6.936 7.013 9.958 6.712 4.359 4.363 6.234 19.149 12.222 14.261 11.743 16.790 1.487 2.321 17.053 19.469 0.396 1.514 1.383 2222.000 22.000 
0.024 0.249 0.087 0.780 4.245 4.532 3.577 4.273 10.350 4.576 10.313 11.339 11.744 12.918 13.536 14.442 12.610 11.853 16.401 16.401 23.411 10.083 16.089 17.084 0.126 0.133 5.971 2222.000 22.000 
0.072 0.610 5.419 7.683 5.281 6.453 5.671 5.241 5.866 8.028 9.209 9.835 14.147 6.856 9.036 9.471 12.344 13.211 18.928 10.654 23.243 24.194 14.383 19.821 0.136 0.117 6.112 2222.000 22.000 
1.451 3.531 1.324 6.070 3.964 4.781 3.412 8.528 6.236 7.127 11.951 5.701 18.265 19.771 11.336 12.511 13.495 14.175 19.500 10.514 11.783 20.857 15.525 16.961 0.522 0.978 1.325 2222.000 22.000 
0.058 0.532 0.088 0.868 4.470 5.968 6.005 7.102 7.786 6.198 7.887 8.557 9.448 9.222 9.453 13.220 10.815 15.058 5.685 5.841 17.495 18.410 22.088 13.824 0.118 0.147 6.076 2222.000 22.000 
0.040 0.373 5.865 7.690 2.077 2.624 5.129 5.785 5.570 8.078 8.531 7.922 10.050 10.738 10.899 12.609 14.923 15.490 5.255 29.208 11.655 12.499 24.785 26.638 0.147 0.140 6.005 2222.000 22.000 
1.551 1.726 3.571 4.737 5.451 6.725 5.082 5.494 3.465 12.693 6.731 10.699 8.813 9.598 11.982 10.307 12.383 13.453 9.478 20.626 28.045 28.911 16.225 16.684 0.466 0.457 2.519 2222.000 22.000 
0.087 0.114 0.538 0.520 3.385 4.630 7.221 7.749 5.998 7.103 7.861 8.274 18.831 20.549 13.112 9.488 12.918 14.752 15.629 12.320 34.688 37.010 18.538 15.872 0.153 0.159 5.999 2222.000 22.000 
0.282 1.061 5.771 7.930 3.217 3.880 10.787 12.157 6.177 7.164 8.302 8.952 6.300 15.653 11.159 11.781 3.251 29.334 18.038 15.673 14.129 14.738 11.984 12.172 0.263 0.166 4.950 2222.000 22.000 
0.682 3.477 2.578 3.479 3.386 4.218 10.335 11.959 7.576 7.889 5.254 5.461 7.355 13.367 10.082 11.837 12.250 13.539 17.542 18.778 20.168 20.196 23.670 12.644 0.327 0.764 2.534 2222.000 22.000 
