0.003 0.008 0.065 0.214 6.014 2.583 5.959 4.947 5.124 9.399 13.068 5.132 9.070 9.977 7.253 17.413 23.065 6.003 5.515 29.058 29.384 6.992 22.606 23.629 0.222 0.225 6.210 2222.000 22.000 
0.042 0.004 5.838 7.968 3.874 4.498 6.285 7.042 5.960 7.886 6.530 10.823 9.274 9.632 10.906 12.528 11.824 13.500 15.384 14.559 12.947 18.781 11.716 25.109 0.087 0.096 6.009 2222.000 22.000 
1.990 3.978 3.325 4.468 3.156 3.820 1.859 11.889 6.185 7.381 5.693 12.532 14.491 7.030 20.343 21.290 22.760 6.733 16.536 12.485 20.573 21.359 17.954 15.535 1.205 2.136 0.220 2222.000 22.000 
0.002 0.041 0.556 0.170 4.649 5.559 6.519 7.554 12.650 13.865 7.694 8.825 11.026 11.877 10.783 10.593 18.901 8.364 13.651 13.755 14.974 18.303 13.593 13.945 0.128 0.135 6.089 2222.000 22.000 
0.003 0.028 5.565 6.374 3.768 4.742 2.199 2.568 4.838 9.672 7.440 8.529 10.676 10.467 10.949 11.410 18.173 17.441 17.611 17.868 22.566 23.098 17.048 17.097 0.133 0.136 6.104 2222.000 22.000 
1.991 3.979 2.104 2.557 3.817 3.963 6.444 6.842 7.085 6.535 14.085 15.774 19.511 21.493 13.725 14.671 8.646 9.295 15.864 12.860 14.264 15.686 23.760 24.529 1.099 2.247 0.185 2222.000 22.000 
0.013 0.025 0.659 1.646 3.953 4.812 5.077 6.047 6.254 6.881 10.618 11.152 11.475 9.141 7.248 7.663 13.221 14.372 15.163 15.676 4.370 36.057 28.252 27.410 0.153 0.162 6.108 2222.000 22.000 
0.010 0.080 5.154 7.200 3.803 4.489 3.228 9.372 6.372 6.520 7.372 8.564 15.688 6.173 4.050 23.948 11.722 13.885 14.470 15.356 13.879 14.597 14.564 17.216 0.142 0.151 6.053 2222.000 22.000 
1.961 3.942 2.724 2.231 2.951 3.491 7.875 8.717 7.818 8.227 1.425 1.364 15.381 15.770 11.200 10.677 11.731 12.493 11.634 12.225 13.186 15.108 18.954 14.288 1.102 2.212 0.264 2222.000 22.000 
0.037 0.043 0.316 0.147 0.759 0.956 9.840 11.143 6.378 7.038 14.517 4.326 9.430 9.441 22.682 24.095 10.486 15.587 12.770 15.011 15.249 16.031 15.599 17.429 0.195 0.217 6.095 2222.000 22.000 
0.014 0.046 5.848 7.917 2.288 2.729 5.297 5.975 8.368 9.003 8.563 7.888 14.418 6.730 12.904 9.807 11.933 12.349 20.361 9.830 16.243 16.420 13.229 23.414 0.125 0.131 6.059 2222.000 22.000 
1.981 3.992 1.339 7.858 6.459 7.857 2.377 2.834 4.827 5.397 7.599 8.127 9.755 9.487 22.120 23.355 12.264 12.659 12.497 15.049 14.400 15.244 12.883 13.779 1.175 2.077 0.185 2222.000 22.000 
0.017 0.024 0.134 1.090 4.776 6.471 8.004 9.291 9.618 5.089 7.393 7.986 9.665 9.408 15.466 8.215 10.706 11.180 8.988 9.584 4.980 5.357 17.995 18.418 0.176 0.186 6.125 2222.000 22.000 
0.020 0.035 5.133 7.081 4.910 5.827 5.250 5.491 6.612 7.780 7.471 8.097 10.114 10.875 19.047 20.972 14.736 15.142 18.838 19.543 5.512 32.959 17.409 17.051 0.143 0.150 6.077 2222.000 22.000 
1.988 3.995 4.264 7.206 2.003 2.605 6.092 6.611 9.163 10.032 7.916 8.232 9.362 9.750 2.344 28.568 18.161 9.499 35.805 2.281 36.917 38.606 31.689 32.929 1.463 1.930 0.311 2222.000 22.000 
0.015 0.125 0.067 0.843 8.515 10.120 4.687 5.504 6.678 7.060 8.373 8.013 9.497 10.013 9.951 12.709 17.153 16.590 14.731 12.935 14.970 15.681 39.895 41.711 0.164 0.191 6.030 2222.000 22.000 
0.005 0.037 5.936 7.120 8.002 1.310 4.666 5.247 7.052 6.604 10.388 11.271 4.312 19.825 14.976 8.824 10.397 15.206 13.703 13.445 14.264 16.822 10.824 26.601 0.167 0.170 6.125 2222.000 22.000 
1.987 3.969 5.878 3.390 2.561 6.520 4.577 5.229 6.573 6.988 11.693 12.653 8.930 10.159 22.902 24.503 12.602 13.313 14.321 13.803 12.868 19.000 15.484 17.928 1.143 2.007 0.150 2222.000 22.000 
0.021 0.066 0.352 0.660 8.510 0.920 5.325 5.445 4.579 10.620 9.941 10.757 10.295 10.480 9.391 10.040 27.908 29.953 11.964 16.117 14.149 16.235 19.448 15.185 0.178 0.197 6.086 2222.000 22.000 
0.002 0.035 5.727 7.483 5.551 6.578 4.824 5.821 10.103 11.163 3.782 16.332 14.345 7.626 21.977 4.668 15.916 17.087 12.778 14.719 27.800 29.351 19.029 15.108 0.203 0.205 6.169 2222.000 22.000 
1.986 3.961 5.592 7.130 3.230 4.779 8.314 9.589 7.643 8.522 11.426 10.876 16.765 18.239 11.240 10.925 8.098 20.144 12.673 15.501 15.128 16.860 19.223 15.096 1.230 1.900 0.182 2222.000 22.000 
0.007 0.055 0.244 0.469 5.600 2.845 3.771 8.023 6.956 6.595 8.200 9.226 9.355 10.428 12.478 13.332 11.073 11.717 25.992 7.112 12.457 19.963 13.869 21.350 0.123 0.135 6.063 2222.000 22.000 
0.002 0.010 5.804 7.597 3.655 4.293 5.533 5.285 3.825 12.147 9.341 10.188 8.577 9.325 9.656 10.461 23.941 5.674 14.923 14.076 14.580 15.485 20.583 21.910 0.109 0.110 6.096 2222.000 22.000 
1.988 3.953 3.855 6.930 8.244 1.307 6.255 6.760 7.436 6.167 5.391 13.537 18.256 18.522 13.790 14.204 5.100 26.278 8.588 8.889 15.483 17.325 10.497 27.453 1.347 1.980 0.290 2222.000 22.000 
0.010 0.061 0.792 0.878 3.788 4.547 2.182 11.446 6.074 7.105 5.907 12.410 8.026 11.918 9.753 11.636 12.279 11.678 13.002 13.597 24.676 26.110 11.400 11.589 0.141 0.154 6.072 2222.000 22.000 
0.004 0.007 5.429 7.795 4.284 4.765 4.640 5.300 6.840 6.756 8.716 9.406 10.786 11.723 11.389 12.008 13.964 14.614 28.326 5.445 18.546 19.664 19.127 15.152 0.099 0.100 6.085 2222.000 22.000 
1.999 3.981 0.120 3.361 8.347 9.934 4.987 5.510 5.964 7.627 8.862 7.707 11.911 12.829 21.506 23.386 19.911 8.240 13.041 14.724 15.285 15.234 14.771 19.538 1.062 2.304 0.163 2222.000 22.000 
0.008 0.010 0.150 0.535 3.547 4.169 7.090 4.186 6.038 7.722 9.078 7.547 12.317 13.305 8.726 14.093 12.335 13.258 11.607 12.467 14.401 14.633 15.368 18.145 0.076 0.080 6.053 2222.000 22.000 
0.014 0.005 5.750 7.941 3.498 4.458 4.486 6.558 8.886 5.504 15.340 3.976 9.692 9.925 10.510 10.564 11.257 14.082 11.256 11.763 21.400 23.011 6.360 6.319 0.150 0.153 6.120 2222.000 22.000 
1.995 3.964 5.161 6.581 5.467 6.317 12.454 14.339 12.192 11.934 16.495 18.155 13.480 7.051 25.183 26.840 12.273 13.476 26.026 6.360 9.802 24.162 13.679 14.131 1.501 1.881 0.336 2222.000 22.000 
0.002 0.076 0.525 0.451 2.310 6.819 5.583 5.207 6.348 6.934 11.775 14.054 8.851 9.508 9.764 10.522 8.146 20.246 4.470 4.578 17.464 13.880 17.381 18.493 0.150 0.163 6.080 2222.000 22.000 
0.011 0.039 5.691 7.863 3.542 4.583 5.795 6.645 4.659 5.192 8.391 9.645 14.620 14.909 20.408 21.168 11.696 13.807 7.565 25.119 21.091 12.028 12.699 13.383 0.166 0.170 6.112 2222.000 22.000 
1.987 3.995 1.394 2.906 7.129 8.552 4.702 5.997 7.065 7.491 9.326 7.425 9.548 11.901 10.277 11.702 20.452 22.141 12.928 15.906 13.918 17.669 14.323 20.415 1.064 2.197 0.138 2222.000 22.000 
0.024 0.074 0.154 0.849 3.702 4.258 5.377 5.675 13.841 15.169 7.233 9.509 6.579 6.993 8.841 9.615 14.301 11.551 14.554 13.524 5.971 31.217 22.621 22.449 0.169 0.191 6.063 2222.000 22.000 
0.007 0.017 5.519 7.673 2.637 3.275 4.878 5.566 3.392 3.809 16.697 18.608 8.469 11.167 9.953 12.230 15.341 15.121 35.827 36.874 22.100 23.073 15.879 17.093 0.200 0.201 6.172 2222.000 22.000 
1.990 3.973 0.487 0.224 4.132 3.864 5.321 6.396 6.473 7.662 15.585 3.783 12.153 8.048 11.755 12.024 4.867 5.404 14.412 14.955 14.840 16.899 18.871 16.758 1.009 2.347 0.165 2222.000 22.000 
0.026 0.133 0.135 0.299 3.284 4.271 8.128 9.091 6.622 6.947 13.848 14.913 10.147 9.176 11.094 12.779 11.110 13.375 25.498 26.180 18.128 19.413 15.601 19.694 0.150 0.182 5.992 2222.000 22.000 
0.029 0.045 5.701 7.035 3.088 3.826 5.213 5.596 2.351 14.951 4.536 14.841 9.870 9.715 18.812 19.742 16.983 9.440 17.416 11.615 15.471 14.942 14.520 19.204 0.168 0.176 6.077 2222.000 22.000 
1.995 3.997 5.898 4.726 3.815 3.859 3.352 8.789 7.059 7.364 8.299 8.339 18.418 20.053 12.913 13.423 25.541 27.401 12.645 13.561 19.377 12.558 30.118 31.565 1.274 1.971 0.185 2222.000 22.000 
0.010 0.101 0.580 1.132 2.982 5.580 5.388 5.472 9.115 5.256 7.569 8.138 11.352 8.621 4.326 21.915 11.350 12.352 12.054 17.254 15.022 15.127 15.147 19.774 0.124 0.143 6.020 2222.000 22.000 
0.040 0.003 5.239 6.925 8.019 1.166 2.544 10.797 5.493 6.255 9.743 7.083 10.325 11.521 11.123 10.968 11.179 13.377 7.753 24.702 14.848 15.389 18.905 20.565 0.167 0.173 6.094 2222.000 22.000 
1.986 3.969 4.855 5.253 3.438 4.533 6.102 7.192 5.973 6.949 9.078 9.683 17.102 17.914 10.779 11.953 28.576 2.856 7.429 8.132 13.090 18.639 16.769 17.926 1.219 1.997 0.199 2222.000 22.000 
0.084 0.056 0.613 0.086 0.374 11.109 3.355 3.847 6.244 7.086 8.853 10.255 15.706 6.065 10.809 11.000 11.939 12.592 16.518 17.432 13.581 17.964 15.612 18.450 0.163 0.201 5.970 2222.000 22.000 
0.004 0.068 5.543 7.769 3.366 4.492 7.453 4.155 13.861 15.435 8.998 7.668 11.036 8.715 11.004 11.542 13.128 13.033 11.170 18.148 25.101 9.342 3.800 40.523 0.186 0.191 6.118 2222.000 22.000 
1.995 3.968 0.046 3.062 3.205 5.006 12.715 0.673 6.580 6.763 10.443 11.432 3.951 20.269 7.534 16.835 10.225 10.816 13.100 13.572 18.912 20.118 16.829 16.746 1.060 2.357 0.197 2222.000 22.000 
0.015 0.146 0.546 0.461 5.170 3.101 5.111 5.854 5.933 6.642 3.683 4.065 15.683 6.023 13.330 9.788 8.943 17.155 5.828 28.391 9.903 24.595 30.497 31.752 0.223 0.256 6.074 2222.000 22.000 
0.023 0.036 5.981 7.728 3.664 4.034 4.920 5.068 14.856 1.821 5.042 13.682 4.884 5.254 10.898 10.914 26.599 4.189 6.465 7.042 14.277 15.958 18.390 19.155 0.217 0.221 6.144 2222.000 22.000 
1.992 3.999 4.082 7.957 2.281 7.575 5.880 6.598 6.118 6.967 8.189 8.833 8.640 12.787 20.107 21.277 19.173 20.933 16.929 12.768 20.082 12.157 24.016 28.336 1.285 1.936 0.184 2222.000 22.000 
0.244 0.018 0.058 0.389 9.045 10.814 4.559 5.199 13.162 14.560 3.579 16.677 12.140 12.812 10.732 11.696 8.971 18.582 26.847 28.689 17.276 13.653 23.801 24.702 0.282 0.387 5.853 2222.000 22.000 
0.007 0.064 5.903 7.697 5.517 6.555 4.482 6.300 13.279 2.795 7.859 8.467 8.676 9.074 17.037 17.989 22.446 6.418 7.430 25.761 14.817 15.066 22.541 13.681 0.189 0.194 6.119 2222.000 22.000 
1.990 3.845 5.706 7.920 5.333 5.109 3.914 7.881 11.402 13.578 12.071 13.336 9.469 9.519 10.206 11.441 11.204 12.397 10.525 9.137 15.363 17.062 21.410 12.673 1.282 1.823 0.289 2222.000 22.000 
0.036 0.020 1.215 0.505 4.613 5.541 6.521 4.628 3.501 12.708 9.332 8.571 9.417 10.354 9.260 13.736 11.480 13.530 30.310 4.264 18.552 19.445 31.255 32.224 0.178 0.194 6.099 2222.000 22.000 
0.006 0.050 5.781 7.730 9.145 10.897 4.603 6.302 10.281 4.504 7.589 8.800 11.046 12.057 11.259 11.529 11.517 12.636 31.548 33.532 13.385 17.705 15.111 17.905 0.175 0.179 6.120 2222.000 22.000 
1.985 3.963 0.305 2.250 2.691 3.187 5.009 5.678 6.670 7.263 8.127 9.219 9.222 10.145 13.255 9.859 27.389 28.971 14.559 15.202 20.936 12.012 16.845 19.462 1.029 2.238 0.159 2222.000 22.000 
0.017 0.022 0.933 0.691 3.000 3.542 10.415 11.678 7.463 7.890 8.319 9.677 6.207 6.636 10.075 11.735 15.981 16.468 21.220 21.922 19.093 20.965 16.664 16.996 0.148 0.158 6.099 2222.000 22.000 
0.016 0.038 5.247 7.842 3.119 4.699 5.289 5.994 9.362 10.471 13.328 5.023 2.758 22.421 5.372 21.714 12.034 13.480 13.554 14.751 13.100 13.970 15.020 15.468 0.167 0.173 6.104 2222.000 22.000 
1.995 3.990 5.999 7.733 6.892 8.250 3.683 4.148 6.725 6.848 8.996 7.637 6.462 7.354 9.470 13.083 22.141 6.737 16.329 16.670 19.190 10.932 13.694 21.585 1.317 1.844 0.177 2222.000 22.000 
0.037 0.005 0.774 0.211 2.998 5.587 5.539 5.297 9.283 5.250 6.156 11.269 9.621 10.192 7.753 8.434 11.599 11.717 14.399 13.907 11.798 12.144 17.584 18.504 0.107 0.120 6.040 2222.000 22.000 
0.006 0.036 5.679 7.373 4.001 4.731 6.803 7.708 1.527 16.958 7.422 8.038 9.516 10.568 16.239 7.972 7.188 7.675 26.195 6.787 19.769 28.172 20.405 21.383 0.214 0.217 6.172 2222.000 22.000 
1.982 3.984 4.818 7.390 3.693 4.479 8.417 9.509 6.115 6.642 8.730 9.260 11.229 11.911 0.473 30.947 17.893 18.214 6.515 8.140 14.800 15.214 11.936 25.153 1.314 1.904 0.226 2222.000 22.000 
