0.677 1.578 2.027 2.247 5.191 4.464 7.529 5.251 10.532 6.120 6.214 10.372 10.266 13.705 10.149 22.821 14.229 12.838 20.915 24.113 16.568 14.377 25.799 17.101 0.132 4.087 1666.000 17.000 
1.963 3.899 5.979 7.862 4.971 2.974 5.805 5.045 7.032 7.829 11.949 9.465 8.768 8.570 10.097 14.212 14.942 20.237 15.438 16.392 17.742 14.431 16.238 20.947 2.041 0.584 1666.000 17.000 
0.742 1.572 2.101 3.132 3.501 5.444 7.895 5.073 6.078 6.051 11.338 13.528 7.884 11.052 14.249 9.754 11.896 11.678 11.537 20.546 21.921 17.389 21.127 12.438 0.063 4.053 1666.000 17.000 
1.997 0.028 0.199 0.192 3.514 3.397 4.088 8.379 5.911 5.374 11.916 10.854 8.187 13.278 12.925 7.865 14.979 8.864 11.226 12.657 17.230 11.441 21.907 15.248 2.025 0.812 1666.000 17.000 
0.956 1.405 2.342 2.621 5.083 4.247 9.950 3.114 3.579 5.615 6.962 14.131 11.281 16.395 8.131 15.390 11.546 10.976 13.323 25.290 22.891 25.682 13.992 23.937 0.157 4.103 1666.000 17.000 
0.002 3.928 0.169 0.051 4.376 4.769 4.750 5.063 7.813 6.755 10.512 8.433 10.627 12.144 10.538 13.874 11.098 14.118 12.536 15.694 14.747 16.384 17.954 19.905 1.973 0.927 1666.000 17.000 
0.632 1.659 2.243 3.830 3.929 6.545 6.646 5.089 10.494 7.415 10.578 15.045 6.685 14.034 8.717 17.303 11.854 17.058 17.793 22.509 13.212 21.107 17.150 13.432 0.130 4.067 1666.000 17.000 
1.990 0.330 0.004 0.195 3.258 6.515 5.119 7.027 7.402 9.119 8.220 9.976 11.350 7.862 8.767 7.949 11.168 15.017 9.384 11.279 15.685 16.515 12.460 19.012 1.985 1.018 1666.000 17.000 
0.915 1.652 1.758 2.805 3.120 3.523 4.595 5.247 8.613 9.879 8.288 12.032 11.230 13.982 7.034 12.427 18.461 19.463 18.175 17.273 14.293 20.175 17.032 27.198 0.110 4.059 1666.000 17.000 
1.999 2.035 5.883 7.841 3.147 4.487 4.565 4.842 7.387 8.347 8.528 7.177 11.984 6.920 15.000 8.282 13.435 10.843 14.953 16.478 20.021 13.497 18.026 17.989 1.926 1.451 1666.000 17.000 
0.698 1.350 2.110 2.979 4.914 7.327 8.119 9.714 11.314 8.374 16.568 5.942 10.937 12.825 9.640 18.575 9.864 15.701 18.369 10.805 12.165 15.393 11.389 17.033 0.150 4.118 1666.000 17.000 
1.966 3.971 5.872 0.015 4.154 3.929 4.596 8.721 9.747 8.331 7.808 9.378 10.716 10.442 13.230 11.715 17.017 11.415 16.434 15.426 12.808 20.019 14.970 22.922 2.028 0.590 1666.000 17.000 
0.633 1.261 1.964 2.616 3.923 4.500 7.027 3.187 4.470 5.441 8.964 10.407 12.559 11.289 15.280 14.817 19.040 13.619 18.171 25.416 12.905 13.247 20.178 18.072 0.136 4.111 1666.000 17.000 
0.005 3.928 5.881 7.855 3.532 4.239 4.928 6.624 7.816 6.789 10.574 10.899 14.126 13.455 11.196 17.437 13.364 18.747 15.076 12.040 12.744 12.783 19.964 21.087 2.032 0.497 1666.000 17.000 
0.678 1.396 2.218 3.311 2.943 4.707 5.108 5.977 7.870 6.746 10.077 8.070 11.318 10.873 10.092 9.054 14.841 13.401 12.034 8.527 13.218 13.890 14.380 19.193 0.073 4.048 1666.000 17.000 
1.988 3.925 5.993 0.290 3.038 2.824 4.556 5.221 7.767 6.738 7.682 7.295 12.284 14.549 17.517 12.571 14.786 11.342 16.342 12.940 11.755 20.008 14.055 15.708 2.022 0.662 1666.000 17.000 
0.655 1.824 2.481 2.711 2.467 3.093 5.472 6.292 6.750 5.158 10.070 11.069 14.111 8.811 17.384 19.351 10.330 24.091 14.097 13.053 13.181 20.399 17.130 14.707 0.094 4.063 1666.000 17.000 
1.995 0.097 0.055 7.984 3.534 4.485 5.179 6.236 9.404 8.347 9.079 6.771 10.262 7.903 7.788 8.593 8.011 14.078 18.933 16.588 19.474 13.366 11.300 22.800 2.035 0.491 1666.000 17.000 
0.653 1.750 2.619 2.805 4.161 4.224 7.227 6.260 8.166 6.516 4.107 11.911 4.844 8.008 8.074 16.690 21.359 10.505 14.969 16.594 11.025 17.236 14.977 27.955 0.133 4.083 1666.000 17.000 
1.998 0.002 0.022 7.958 3.894 3.801 5.818 5.008 7.041 4.945 8.214 9.894 9.539 13.399 11.829 12.007 14.007 19.454 12.516 14.117 21.925 16.491 19.144 18.768 2.029 0.426 1666.000 17.000 
0.829 1.654 2.218 2.527 4.991 5.266 4.418 6.287 7.852 10.402 9.507 14.466 15.693 10.510 10.021 11.831 10.265 12.145 17.359 22.452 16.657 24.623 14.962 15.646 0.089 4.060 1666.000 17.000 
1.963 3.989 0.018 0.098 3.957 3.903 3.948 7.328 7.893 6.968 6.908 6.749 11.774 11.697 13.414 13.147 7.969 14.803 12.382 11.241 12.823 21.202 17.072 15.724 2.036 0.482 1666.000 17.000 
0.631 1.487 1.896 2.803 4.151 7.545 6.052 9.367 9.002 7.449 10.581 6.737 7.903 14.216 9.762 10.898 15.497 8.109 18.806 11.740 16.155 19.980 26.983 14.788 0.092 4.076 1666.000 17.000 
0.025 0.038 0.196 7.899 4.360 4.344 3.304 5.066 5.895 7.374 10.969 8.411 7.005 12.181 9.378 12.645 13.980 13.087 19.861 14.900 18.362 15.500 14.562 16.817 2.001 0.869 1666.000 17.000 
0.700 1.829 2.614 4.173 3.946 4.184 4.910 8.073 5.699 8.223 6.914 10.368 6.716 13.881 8.749 16.595 12.605 16.261 12.508 16.567 21.722 14.442 24.932 10.114 0.132 4.049 1666.000 17.000 
1.999 0.054 5.618 7.973 3.933 5.147 5.144 6.242 6.711 7.037 7.709 8.347 8.543 10.961 13.651 10.476 12.521 12.138 11.507 10.405 21.936 13.928 25.725 21.018 2.026 0.520 1666.000 17.000 
0.871 1.573 2.477 2.707 3.393 5.460 5.773 5.033 5.658 8.244 12.389 11.428 10.198 10.879 7.771 19.430 11.154 15.037 10.233 12.108 13.295 14.718 16.232 14.585 0.069 4.043 1666.000 17.000 
1.992 3.978 5.617 7.968 3.352 4.977 8.479 7.567 6.113 7.795 5.959 8.833 11.874 15.776 8.122 9.858 14.075 14.156 17.250 11.198 15.633 12.864 20.985 20.130 2.031 0.641 1666.000 17.000 
0.699 1.397 2.232 2.796 3.026 3.768 4.309 7.194 5.320 5.663 7.623 10.896 12.340 8.557 9.367 15.281 13.858 13.183 20.527 8.556 10.307 22.040 16.977 19.072 0.093 4.081 1666.000 17.000 
1.921 0.049 0.075 0.022 3.160 3.654 5.762 6.263 5.669 7.373 8.186 5.932 9.786 15.701 13.131 17.340 10.290 13.198 14.785 12.598 17.205 21.971 12.389 16.731 2.021 0.605 1666.000 17.000 
0.678 1.307 2.498 2.530 2.811 5.742 5.155 4.873 8.548 7.812 7.142 8.354 14.585 10.935 10.146 10.482 11.140 22.608 12.951 20.897 11.790 15.494 16.140 14.500 0.083 4.041 1666.000 17.000 
1.989 0.071 0.059 7.867 5.183 3.244 4.610 6.265 5.249 6.467 7.785 10.968 14.103 13.887 7.041 11.224 14.821 13.877 9.402 12.072 15.529 17.230 8.833 11.988 2.025 0.907 1666.000 17.000 
0.743 1.577 1.893 2.615 4.543 4.078 6.379 7.898 6.599 10.457 7.700 10.405 11.249 7.612 10.571 16.119 13.209 19.647 17.645 10.739 18.226 22.735 22.000 15.628 0.082 4.062 1666.000 17.000 
0.036 3.924 5.850 7.975 3.270 2.977 3.759 6.624 9.741 8.329 7.385 10.469 9.199 10.325 11.750 11.285 14.096 13.277 16.514 18.039 16.563 16.464 17.160 11.288 2.007 0.752 1666.000 17.000 
0.630 1.478 2.361 3.829 2.588 3.484 7.889 7.026 6.127 9.136 5.960 8.214 13.527 10.901 8.131 13.808 8.404 14.619 12.714 14.141 15.577 18.064 24.988 18.813 0.117 4.063 1666.000 17.000 
1.986 3.989 0.075 7.857 4.179 5.008 6.101 5.923 8.192 6.544 6.448 7.078 12.509 15.273 8.775 13.865 13.318 10.959 14.867 16.721 12.299 15.425 18.958 16.899 2.016 0.553 1666.000 17.000 
0.515 1.574 1.894 2.436 3.932 5.764 6.106 6.010 7.887 11.385 12.412 11.658 15.727 9.563 12.937 14.182 14.713 14.881 13.990 10.361 19.838 8.889 13.453 15.717 0.151 4.075 1666.000 17.000 
0.071 0.037 0.123 0.100 2.470 4.761 5.505 5.652 7.440 6.083 8.275 7.299 9.643 15.823 12.877 10.842 13.375 14.892 14.060 11.634 17.272 21.907 25.007 25.101 2.002 0.830 1666.000 17.000 
0.874 1.477 1.898 2.805 2.472 3.671 5.787 3.731 5.521 5.204 9.557 9.532 7.632 11.498 9.858 18.081 13.352 14.811 17.300 17.512 12.717 17.011 15.650 20.565 0.102 4.057 1666.000 17.000 
1.991 3.989 0.024 0.053 4.796 5.496 5.707 8.342 8.536 8.183 7.701 12.452 12.975 10.550 7.357 11.323 18.514 13.218 7.588 13.888 14.710 11.851 15.620 25.074 2.034 0.757 1666.000 17.000 
