1.991 3.990 0.069 0.045 9.858 11.846 13.776 0.052 17.815 0.044 21.929 23.987 25.363 27.518 29.898 0.345 33.986 0.614 37.586 0.340 41.964 0.335 45.835 46.797 0.087 0.411 6.045 2222.000 22.000 
1.976 0.036 2.146 2.848 9.706 11.761 13.771 0.209 17.980 19.853 21.988 23.466 0.495 0.351 10.499 31.899 33.109 35.365 37.081 39.633 41.395 0.301 0.101 0.055 0.293 0.076 6.033 2222.000 22.000 
0.711 1.412 3.477 0.386 9.734 11.796 0.167 15.987 17.594 0.238 0.318 0.513 0.054 27.275 29.933 31.668 33.539 0.029 37.609 39.610 40.988 0.751 0.375 0.296 1.309 3.222 0.119 2222.000 22.000 
1.986 0.008 5.968 7.919 9.688 0.137 13.862 15.862 0.289 19.856 21.616 23.984 25.380 27.698 29.270 31.958 0.279 35.498 36.754 0.376 41.974 43.911 45.217 47.911 0.089 0.432 6.046 2222.000 22.000 
0.042 3.856 2.089 2.822 0.013 11.780 13.696 15.826 17.463 0.310 0.159 23.893 25.853 27.504 0.573 0.490 33.602 0.114 0.315 39.893 0.267 43.298 45.002 46.495 0.403 0.077 5.993 2222.000 22.000 
0.707 1.442 0.554 4.543 0.054 11.817 0.292 0.201 0.160 19.970 0.011 23.977 0.228 27.881 0.603 31.385 0.039 0.434 0.357 39.486 41.669 43.732 0.299 0.959 1.468 2.936 0.156 2222.000 22.000 
1.974 3.989 5.940 0.084 9.797 11.686 0.180 0.249 0.113 0.079 21.937 23.090 25.259 0.055 28.994 0.134 0.772 35.962 37.135 0.779 41.962 0.535 0.232 1.066 0.102 0.462 6.052 2222.000 22.000 
1.961 3.508 2.078 2.886 9.955 11.641 0.029 15.961 17.811 19.862 0.190 23.663 25.245 27.024 29.856 30.725 33.177 35.435 0.146 38.847 41.555 43.017 43.554 0.461 0.557 0.094 5.902 2222.000 22.000 
0.710 1.443 2.243 2.930 9.742 11.817 13.925 0.008 0.246 0.273 21.915 0.277 0.165 27.449 29.089 0.286 33.658 35.258 1.002 39.717 41.488 0.831 0.242 46.463 2.075 0.253 0.172 2222.000 22.000 
1.943 3.997 0.047 0.048 0.071 11.894 13.775 15.908 17.864 0.283 21.782 23.754 0.598 27.460 0.338 0.271 33.812 35.691 37.644 0.183 41.764 43.799 1.053 0.603 0.096 0.517 6.035 2222.000 22.000 
0.011 0.044 2.125 2.883 0.056 11.681 13.849 15.761 0.261 0.266 21.634 0.446 0.273 27.792 29.573 0.006 33.471 0.429 0.380 39.381 41.998 43.320 0.381 0.182 0.300 0.080 6.034 2222.000 22.000 
0.722 1.392 5.579 1.243 9.879 0.307 0.073 15.616 0.264 0.268 0.105 23.494 24.908 26.921 0.199 0.198 33.635 0.299 37.358 39.435 41.702 0.631 45.575 46.804 1.023 3.606 0.161 2222.000 22.000 
0.021 3.926 5.974 0.035 9.822 11.817 0.205 15.836 0.152 19.395 21.712 23.397 0.294 27.193 29.707 31.193 32.936 35.397 37.361 39.658 41.866 0.016 45.313 1.239 0.100 0.563 6.033 2222.000 22.000 
1.987 3.532 2.177 2.821 0.087 11.944 0.012 15.864 17.836 19.749 0.052 0.477 25.421 0.590 29.584 31.633 33.550 35.866 37.895 39.454 0.049 43.677 0.372 47.851 0.505 0.081 5.922 2222.000 22.000 
0.702 1.390 4.860 0.796 9.961 0.114 13.781 15.951 0.200 0.211 0.096 23.831 24.787 27.904 29.232 0.247 33.878 0.486 0.474 0.415 41.100 43.851 45.919 47.272 1.048 3.564 0.092 2222.000 22.000 
1.944 3.654 5.969 7.933 9.944 11.824 0.127 0.178 17.725 0.260 21.712 0.037 25.722 27.945 29.919 0.373 0.479 35.802 0.190 39.820 41.937 43.465 45.399 0.299 0.106 0.898 5.935 2222.000 22.000 
1.998 0.078 2.192 2.762 0.071 11.796 13.995 0.194 17.898 19.886 21.929 23.474 0.221 27.953 29.923 31.261 33.068 35.243 37.423 39.749 0.438 43.517 44.900 47.351 0.312 0.082 6.025 2222.000 22.000 
0.707 1.408 2.907 6.620 0.013 0.042 13.981 0.187 17.443 19.585 21.603 23.559 25.795 27.437 28.747 31.814 0.203 0.109 37.567 39.410 0.058 43.912 0.370 0.201 1.598 2.650 0.095 2222.000 22.000 
1.991 3.976 5.955 7.885 9.907 11.778 13.932 0.124 17.870 19.868 21.611 23.727 25.455 27.741 29.770 0.572 33.374 35.487 37.812 39.470 40.969 42.774 45.495 47.803 0.089 0.431 6.046 2222.000 22.000 
1.883 3.770 2.086 2.778 0.069 0.179 0.078 0.299 17.974 19.851 21.970 23.463 25.565 0.125 29.733 31.723 0.399 0.039 37.903 0.635 41.827 0.098 44.795 47.495 0.490 0.075 5.935 2222.000 22.000 
0.693 1.440 2.727 1.305 9.865 11.829 0.002 15.800 0.023 19.690 21.868 0.082 0.191 27.748 0.415 31.979 0.021 35.561 37.907 39.594 41.621 43.204 44.973 0.274 1.804 2.040 0.157 2222.000 22.000 
1.997 3.932 5.909 7.939 9.904 0.068 0.007 0.268 0.365 19.541 0.267 0.485 1.256 27.843 0.352 31.153 1.057 0.076 37.357 39.136 41.985 0.239 44.987 47.984 0.104 0.480 6.053 2222.000 22.000 
1.840 0.223 2.082 2.828 9.821 11.768 13.809 5.599 0.319 0.000 0.036 23.753 0.044 0.290 0.136 31.835 33.820 35.771 37.383 38.792 41.734 43.839 0.736 47.081 0.640 0.076 5.818 2222.000 22.000 
0.720 1.387 1.906 2.929 9.835 0.362 0.030 5.600 17.640 19.992 0.367 0.794 0.067 27.629 1.041 31.414 33.968 34.940 37.349 38.192 0.625 42.515 43.600 47.094 2.078 0.422 0.177 2222.000 22.000 
0.016 3.935 5.948 0.128 9.991 0.123 0.021 15.426 0.145 19.814 21.696 0.430 25.929 0.261 29.546 30.985 33.309 34.755 0.314 0.374 40.790 43.031 45.612 0.905 0.106 0.529 6.039 2222.000 22.000 
0.020 3.939 2.188 2.813 9.953 0.167 0.085 15.781 0.245 19.918 21.868 23.723 0.017 27.885 29.761 0.470 0.108 35.941 37.795 39.880 41.784 43.953 45.930 46.733 0.298 0.072 6.023 2222.000 22.000 
0.707 1.441 0.024 5.169 9.931 0.021 0.122 0.039 17.978 19.592 0.475 0.484 0.006 27.780 0.081 0.073 0.176 0.048 36.806 39.498 0.466 43.257 44.176 47.667 1.019 3.593 0.154 2222.000 22.000 
0.018 0.024 5.974 0.036 0.126 11.782 0.244 15.774 0.042 19.806 21.796 23.607 0.150 27.631 0.568 31.539 33.528 35.781 37.684 39.628 41.975 43.483 44.858 0.310 0.092 0.510 6.035 2222.000 22.000 
1.946 3.855 2.086 2.788 0.111 0.015 13.869 15.863 17.689 0.294 21.697 23.992 0.456 27.564 29.884 0.232 0.346 35.615 37.534 39.964 41.973 43.426 0.345 0.647 0.370 0.071 6.001 2222.000 22.000 
0.720 1.419 5.957 4.273 9.770 11.870 0.261 0.084 17.991 19.796 21.495 0.163 25.910 0.084 29.955 31.018 33.978 35.217 37.401 38.978 41.564 43.301 45.839 47.325 1.236 3.319 0.156 2222.000 22.000 
1.987 0.048 5.984 0.069 0.048 0.014 13.871 0.019 0.257 0.108 21.925 23.674 25.908 27.937 29.574 0.199 0.244 0.639 37.371 39.912 0.136 43.630 45.788 0.331 0.087 0.510 6.027 2222.000 22.000 
0.141 0.405 2.075 2.786 9.969 0.015 13.990 0.144 0.147 19.745 0.038 0.115 25.921 27.983 29.241 31.234 0.429 35.951 37.931 39.847 0.388 43.913 0.211 0.729 0.927 0.080 5.478 2222.000 22.000 
0.710 1.387 2.912 5.206 9.951 11.767 13.791 15.635 16.929 19.041 21.781 22.145 25.201 27.658 1.018 30.608 0.516 0.856 0.554 38.725 1.269 41.975 42.370 47.164 1.860 2.018 0.159 2222.000 22.000 
0.018 3.987 5.906 7.965 9.995 0.130 13.718 0.231 17.892 19.971 0.195 23.468 25.895 0.274 0.169 31.910 33.962 0.094 37.902 39.588 0.050 43.651 45.826 0.134 0.084 0.465 6.033 2222.000 22.000 
0.090 3.943 2.080 2.814 9.882 11.961 13.369 15.746 17.854 19.866 0.451 0.313 25.990 27.843 28.795 31.932 33.410 0.611 1.016 39.913 41.603 43.028 45.515 0.922 0.457 0.082 5.969 2222.000 22.000 
0.718 1.411 1.185 7.843 9.942 0.152 0.106 0.254 17.697 19.859 21.887 23.661 0.441 0.062 29.990 0.478 33.387 0.098 37.482 0.312 0.326 0.415 45.724 47.416 1.070 3.535 0.139 2222.000 22.000 
1.981 0.112 5.986 7.962 9.855 11.958 13.962 15.870 0.182 19.776 0.100 23.944 25.520 27.660 0.109 31.422 33.469 0.049 37.414 39.604 0.507 43.599 0.019 0.010 0.090 0.658 5.998 2222.000 22.000 
0.155 0.050 2.172 2.777 9.968 11.534 14.000 0.397 0.243 0.580 21.768 0.111 0.260 0.839 29.168 30.967 33.226 1.158 37.067 0.466 40.812 43.013 45.005 47.643 0.624 0.107 5.870 2222.000 22.000 
0.704 1.420 2.271 4.162 0.235 11.623 0.007 0.258 0.022 0.009 0.246 22.810 24.941 27.312 29.204 31.838 0.124 35.370 37.017 39.414 0.613 43.591 45.063 47.268 2.029 0.978 0.116 2222.000 22.000 
1.988 0.003 5.982 7.951 0.065 0.068 0.273 15.973 17.491 19.999 0.099 23.556 25.581 27.599 29.175 31.312 0.460 12.595 37.051 39.838 41.470 43.685 0.386 1.182 0.093 0.424 6.055 2222.000 22.000 
1.967 3.656 2.126 2.853 0.090 0.230 13.478 15.662 17.543 19.765 21.422 0.453 25.676 0.370 0.095 31.803 0.233 35.313 37.353 39.004 40.876 1.115 45.024 1.123 0.474 0.093 5.969 2222.000 22.000 
0.707 1.436 5.997 7.682 0.138 11.818 13.941 0.310 0.173 19.743 0.080 23.421 0.622 27.839 28.913 31.115 32.772 35.998 37.609 0.523 0.325 43.055 45.845 46.954 0.327 4.047 0.150 2222.000 22.000 
0.006 3.977 5.994 7.965 9.704 11.724 13.852 15.407 17.670 19.640 0.005 23.141 0.168 26.960 0.136 31.595 0.442 0.417 0.263 39.336 41.073 43.336 44.728 2.056 0.099 0.449 6.059 2222.000 22.000 
1.995 3.952 2.236 2.993 9.959 11.689 0.134 15.823 17.610 19.820 21.694 23.120 0.489 0.809 0.415 1.092 33.060 1.100 37.433 1.224 41.022 42.051 45.980 47.288 0.280 0.110 6.064 2222.000 22.000 
0.706 1.387 4.676 6.321 0.105 0.107 13.650 15.976 17.882 0.277 21.803 23.605 0.456 0.192 29.730 31.325 0.321 35.155 0.000 0.329 41.665 43.586 45.842 47.450 1.156 3.431 0.114 2222.000 22.000 
1.971 3.996 0.072 0.010 0.068 0.135 13.877 0.214 17.917 0.145 0.236 0.030 0.209 0.156 29.413 0.492 33.723 0.385 0.336 1.000 41.990 0.381 44.061 1.079 0.098 0.459 6.050 2222.000 22.000 
1.806 3.632 2.082 2.817 0.001 0.120 13.699 0.274 0.128 0.289 0.076 0.225 25.843 0.554 28.749 31.980 0.430 0.309 0.059 39.897 0.011 43.582 0.132 0.055 0.654 0.077 5.810 2222.000 22.000 
0.720 1.406 1.597 3.964 9.981 11.918 13.795 0.038 17.907 19.923 21.732 0.332 0.145 27.949 29.755 0.383 0.561 35.842 37.880 0.618 41.637 43.633 0.449 47.981 1.949 1.412 0.131 2222.000 22.000 
1.817 0.002 5.955 0.072 0.108 11.777 0.190 15.890 17.840 19.747 21.421 23.623 25.890 27.804 29.889 31.783 33.584 35.467 37.461 0.342 41.590 43.590 0.119 46.981 0.108 0.801 5.966 2222.000 22.000 
0.183 3.570 2.119 2.830 9.976 11.941 13.927 15.738 0.084 19.804 0.169 23.829 0.085 0.317 0.483 31.532 33.676 0.313 0.212 0.501 41.815 43.846 45.141 46.816 0.842 0.077 5.601 2222.000 22.000 
0.715 1.395 2.882 3.729 9.997 11.768 0.048 15.778 0.286 19.962 21.738 23.848 25.196 27.527 0.152 0.412 33.810 35.071 0.425 0.373 0.777 42.796 45.422 0.618 1.996 1.185 0.121 2222.000 22.000 
1.963 3.955 5.989 0.056 9.904 11.772 13.936 15.931 0.252 0.233 0.119 0.204 0.093 27.557 29.370 31.944 33.987 0.068 0.351 0.507 41.689 43.754 45.070 0.200 0.089 0.515 6.030 2222.000 22.000 
0.059 0.041 2.126 2.883 9.705 4.200 13.663 15.537 17.736 19.413 21.882 23.877 24.908 0.107 29.608 0.012 0.866 35.890 1.206 39.491 41.308 42.864 45.713 0.252 0.402 0.085 5.996 2222.000 22.000 
0.712 1.394 3.392 7.123 0.092 0.045 13.978 15.791 17.773 0.269 0.109 0.236 25.407 0.619 28.953 31.068 0.873 0.428 37.205 39.607 1.158 43.433 45.006 0.866 1.378 3.131 0.124 2222.000 22.000 
0.007 3.996 5.970 0.053 9.839 0.074 13.873 15.719 17.956 19.391 21.490 23.715 25.713 0.386 29.159 30.731 0.551 0.448 0.116 38.971 41.033 0.251 0.862 46.294 0.097 0.426 6.058 2222.000 22.000 
1.962 3.591 2.158 2.818 0.087 0.008 0.199 0.233 17.374 19.885 21.372 23.331 25.190 26.903 28.763 0.465 33.605 34.973 0.328 39.823 0.786 43.122 44.237 47.544 0.517 0.094 5.942 2222.000 22.000 
0.719 1.407 0.549 0.723 9.906 0.052 13.901 0.121 0.319 0.082 21.887 23.756 0.176 27.437 29.768 31.583 0.043 0.632 37.777 39.682 41.444 43.446 0.042 0.522 0.969 3.639 0.131 2222.000 22.000 
1.988 3.965 0.035 0.016 0.030 0.098 13.856 0.319 17.827 19.892 21.940 0.049 0.545 27.471 29.962 31.435 33.726 35.524 37.533 39.409 0.277 43.500 44.975 0.106 0.088 0.449 6.042 2222.000 22.000 
1.897 3.962 2.117 2.811 9.988 0.018 13.948 15.894 17.778 19.802 0.124 0.233 0.103 27.551 29.561 0.003 33.772 35.420 0.095 39.483 41.863 43.995 45.586 0.519 0.359 0.064 5.997 2222.000 22.000 
0.702 1.411 3.706 4.553 0.088 0.294 13.842 15.696 0.311 0.005 0.053 0.092 0.588 0.527 0.029 0.244 0.394 35.528 0.371 0.318 41.551 42.952 44.866 47.494 1.774 2.193 0.091 2222.000 22.000 
