0.129 0.260 0.386 0.510 5.552 2.734 8.308 9.309 4.097 4.854 4.849 5.961 15.143 14.682 17.557 7.586 20.124 20.370 22.394 22.983 10.769 9.737 11.414 26.622 0.187 4.101 1666.000 17.000 
1.991 3.980 0.018 0.071 5.504 7.050 8.158 9.251 4.112 12.037 12.985 13.049 5.855 7.511 6.649 19.196 20.118 20.745 21.998 23.122 10.724 24.544 10.577 29.560 2.113 0.157 1666.000 17.000 
0.140 0.323 0.438 0.614 6.574 7.543 8.741 10.870 12.387 3.470 4.115 4.682 16.235 17.146 20.875 21.432 6.169 6.789 6.228 7.673 26.598 29.505 30.051 31.692 0.242 4.118 1666.000 17.000 
1.996 0.015 0.032 7.992 2.232 7.143 7.491 10.203 11.109 4.671 4.808 5.239 15.253 17.124 15.812 7.044 7.507 20.487 22.684 9.169 22.671 9.716 10.887 30.097 2.126 0.150 1666.000 17.000 
0.725 1.475 2.231 2.915 2.266 6.913 9.208 3.627 10.063 4.542 5.006 5.617 6.178 15.965 18.679 18.768 19.553 21.979 8.704 23.048 25.089 8.492 11.196 28.559 0.594 4.002 1666.000 17.000 
0.010 3.976 5.992 0.037 1.706 1.948 2.158 11.056 2.856 13.502 14.757 16.452 4.034 20.019 20.462 6.084 22.477 5.887 25.553 27.190 28.057 8.597 7.640 32.983 2.116 0.151 1666.000 17.000 
1.452 2.915 4.378 5.869 5.367 6.817 7.844 8.050 4.294 4.357 4.752 12.340 15.428 8.013 7.217 16.177 18.600 8.789 20.732 8.241 10.534 9.818 25.960 25.420 1.046 3.721 1666.000 17.000 
1.990 0.062 0.043 7.860 6.810 8.140 9.875 11.355 12.995 13.390 15.348 16.049 3.765 18.510 20.625 21.978 23.849 23.905 6.679 26.983 30.101 6.447 8.542 32.958 2.124 0.213 1666.000 17.000 
0.747 1.493 2.252 2.997 7.480 8.126 11.058 2.136 12.938 14.461 2.933 3.475 4.847 4.246 5.876 23.059 4.827 5.305 5.052 4.805 31.449 5.549 34.311 34.076 0.643 4.060 1666.000 17.000 
0.038 0.033 5.869 7.925 6.488 7.797 2.690 10.128 11.307 3.992 13.866 4.537 16.391 17.912 19.184 6.173 22.236 23.305 24.006 8.339 7.643 28.455 29.924 32.079 2.083 0.204 1666.000 17.000 
1.428 2.872 4.389 5.787 7.563 8.364 1.785 11.259 2.219 15.047 15.883 16.972 17.752 3.734 22.693 24.197 5.302 26.017 5.029 6.282 6.022 6.496 31.251 35.980 1.055 3.709 1666.000 17.000 
0.015 3.989 0.144 7.939 6.187 2.290 8.798 10.306 3.396 12.987 14.095 14.131 5.068 17.839 6.261 6.418 7.134 7.044 6.815 7.461 8.140 27.009 29.294 8.686 2.102 0.167 1666.000 17.000 
0.034 0.058 0.092 0.166 5.233 6.133 7.383 3.826 4.458 4.486 11.630 11.730 15.687 6.340 16.890 17.220 19.846 8.535 20.936 8.927 9.533 22.729 25.473 28.404 0.164 4.130 1666.000 17.000 
1.986 3.994 0.054 0.149 4.107 4.834 6.161 5.128 8.220 5.925 9.615 7.030 7.510 8.613 13.527 9.696 10.138 14.740 19.195 11.833 19.340 12.771 21.529 14.610 2.091 0.151 1666.000 17.000 
0.480 0.979 1.430 1.967 8.280 9.827 1.523 12.496 1.886 2.304 2.609 1.896 2.409 2.949 3.000 2.457 4.365 2.674 3.022 3.082 33.409 35.430 37.617 5.012 0.482 4.111 1666.000 17.000 
1.988 3.978 0.003 0.064 6.841 1.735 9.459 10.540 12.116 3.418 3.814 15.420 16.610 19.717 21.116 22.725 24.168 7.164 25.767 28.137 27.516 6.978 29.943 9.091 2.141 0.183 1666.000 17.000 
1.311 2.606 3.925 5.245 1.504 8.611 9.435 11.023 3.056 2.869 15.528 4.223 19.016 4.671 4.265 22.622 24.836 26.810 26.761 27.916 28.532 32.510 30.254 33.700 0.942 3.794 1666.000 17.000 
1.981 0.006 5.965 0.149 1.659 7.366 9.307 3.281 3.608 3.556 15.292 4.476 16.893 18.620 20.067 20.015 7.230 6.681 23.985 25.952 27.162 29.359 7.975 8.807 2.125 0.186 1666.000 17.000 
0.923 1.871 2.798 3.730 6.662 7.954 2.729 9.050 3.420 4.038 4.343 4.362 17.036 5.818 20.735 18.069 21.786 21.424 6.205 26.628 7.875 28.588 28.833 25.472 0.761 3.996 1666.000 17.000 
1.996 0.002 5.994 0.154 1.101 1.270 11.261 13.399 1.789 2.490 18.471 1.464 21.949 23.613 24.340 2.596 28.848 3.385 4.335 32.114 33.449 36.964 6.165 41.052 2.172 0.194 1666.000 17.000 
0.066 0.127 0.221 0.396 5.559 6.884 7.000 8.463 9.216 9.284 12.190 5.677 10.778 7.230 7.882 8.293 8.991 17.110 17.589 22.122 20.731 22.141 12.299 12.373 0.228 4.141 1666.000 17.000 
0.020 0.079 5.933 7.938 1.281 1.691 10.961 2.373 13.331 14.701 3.380 17.258 19.598 20.039 22.210 23.205 25.302 25.584 5.670 29.187 7.143 33.043 6.507 5.738 2.129 0.229 1666.000 17.000 
0.915 1.838 2.721 3.672 7.030 8.533 9.939 10.974 12.761 14.134 14.905 16.196 4.133 5.238 21.870 4.935 5.510 25.733 27.526 27.263 7.021 7.171 5.943 7.940 0.701 3.951 1666.000 17.000 
1.972 0.037 5.988 0.011 1.453 8.476 1.615 12.128 2.538 3.326 15.948 3.615 20.244 4.510 21.034 24.464 24.458 25.890 27.772 30.315 31.773 32.453 33.165 6.568 2.141 0.186 1666.000 17.000 
0.374 0.742 1.148 1.429 7.239 8.851 9.518 2.691 12.373 2.917 3.935 17.381 4.294 19.231 20.065 4.883 24.223 5.224 6.282 27.846 28.579 32.001 6.579 8.161 0.384 4.093 1666.000 17.000 
1.986 3.974 0.058 0.101 1.387 8.720 10.214 2.697 12.409 2.766 3.149 3.908 18.893 20.245 4.762 5.180 5.644 25.321 6.033 28.253 28.958 30.634 31.106 36.572 2.126 0.206 1666.000 17.000 
0.666 1.327 1.994 2.610 6.763 2.253 2.268 11.297 10.678 3.728 14.738 15.146 16.265 4.753 20.691 18.579 22.336 7.995 24.881 27.197 25.831 27.618 30.568 8.498 0.587 4.071 1666.000 17.000 
1.985 0.078 5.982 0.063 6.576 2.194 2.561 10.838 12.129 3.508 3.602 4.304 17.172 4.452 20.790 5.446 6.142 5.812 25.561 7.413 28.299 29.290 32.583 31.183 2.103 0.167 1666.000 17.000 
0.506 1.006 1.514 1.933 5.279 7.049 7.536 3.483 10.498 12.543 14.277 13.945 16.935 5.497 19.483 20.070 6.565 19.918 23.799 8.150 27.176 24.336 10.776 11.585 0.506 4.115 1666.000 17.000 
0.048 3.957 5.912 0.038 2.120 7.621 8.395 3.465 11.262 12.694 13.677 14.735 16.413 5.097 6.483 18.449 7.027 7.177 8.269 25.216 8.817 26.222 27.639 29.428 2.100 0.205 1666.000 17.000 
0.849 1.686 2.547 3.408 1.663 7.750 2.855 2.734 3.046 3.106 16.537 17.996 3.033 19.536 4.084 5.570 5.192 5.678 28.778 29.191 30.819 7.759 7.257 30.915 0.724 4.043 1666.000 17.000 
1.965 0.037 5.947 0.080 7.553 1.699 9.584 11.361 13.000 14.169 15.566 15.830 3.242 20.230 21.577 6.324 24.872 6.653 26.177 6.600 28.326 29.664 33.536 6.557 2.166 0.273 1666.000 17.000 
0.506 1.011 1.521 2.005 1.866 8.592 10.088 11.459 11.906 2.999 15.291 4.168 17.521 4.558 4.462 5.582 22.459 7.412 25.391 26.194 6.646 28.842 31.520 30.782 0.468 4.094 1666.000 17.000 
0.006 3.942 0.095 7.973 1.588 8.768 9.824 11.241 12.895 13.721 15.665 17.089 18.256 20.306 22.140 22.638 6.724 24.682 28.445 29.543 29.361 31.035 31.767 9.222 2.138 0.200 1666.000 17.000 
0.312 0.605 0.914 1.217 5.515 7.989 9.192 3.754 3.206 12.198 14.475 14.748 5.679 16.965 19.200 6.151 7.382 7.114 7.527 8.635 9.212 27.481 22.043 29.822 0.373 4.152 1666.000 17.000 
0.050 3.983 0.001 7.996 6.310 7.021 8.747 9.460 4.108 12.273 13.814 14.104 5.855 16.330 6.042 18.881 6.709 20.883 23.752 8.451 25.831 27.122 26.320 11.878 2.116 0.142 1666.000 17.000 
0.982 1.971 2.893 3.948 6.732 2.176 2.298 2.674 12.118 13.194 3.873 16.441 19.050 18.344 5.213 5.044 21.654 22.211 26.341 7.253 28.131 29.070 8.368 31.850 0.750 3.921 1666.000 17.000 
0.000 3.977 5.929 0.056 6.834 7.869 9.581 11.133 12.640 3.318 4.317 16.651 4.778 18.324 20.284 5.500 22.989 23.276 25.826 25.940 27.487 7.047 8.770 8.006 2.115 0.167 1666.000 17.000 
0.061 0.135 0.272 0.289 5.313 2.968 7.585 8.503 4.583 10.482 12.298 5.890 13.014 14.304 16.975 15.744 8.828 18.710 9.472 19.928 11.247 22.632 25.465 25.611 0.168 4.090 1666.000 17.000 
0.038 3.980 5.861 0.010 1.582 8.982 10.330 11.687 13.709 2.893 15.498 3.749 3.594 20.333 3.970 23.999 4.763 5.839 28.117 27.906 31.769 7.235 35.083 36.541 2.131 0.213 1666.000 17.000 
