0.006 0.049 0.852 2.313 4.384 5.675 6.211 5.758 7.285 7.612 10.113 19.926 23.557 18.166 12.156 18.580 16.158 12.992 20.170 25.092 21.798 22.540 30.273 30.431 0.292 4.281 5341.000 27.000 
1.998 3.995 5.998 7.978 3.496 4.210 4.910 5.633 6.337 6.985 7.735 8.477 9.171 9.849 10.545 11.268 11.877 12.625 13.352 14.031 14.730 15.427 16.279 16.978 2.003 0.009 6666.000 33.000 
0.004 0.004 0.026 0.216 3.738 4.410 4.835 6.062 6.431 7.350 8.198 8.052 9.609 9.984 11.085 12.280 13.187 13.773 14.315 14.715 15.143 15.706 16.643 21.328 0.127 4.032 6666.000 33.000 
1.997 3.994 5.986 7.985 3.502 4.215 4.898 5.597 6.301 7.016 7.690 8.422 9.084 9.857 10.573 11.272 11.926 12.649 13.366 14.016 14.756 15.389 16.182 16.850 2.002 0.011 6666.000 33.000 
0.006 0.105 0.812 2.326 4.607 5.339 6.866 7.007 7.908 8.881 8.244 17.272 18.283 14.344 11.667 17.035 18.940 17.913 20.196 16.666 18.063 22.101 40.567 44.331 0.294 4.284 5345.000 27.000 
1.998 3.993 5.991 7.994 3.501 4.190 4.940 5.608 6.309 7.009 7.714 8.427 9.155 9.830 10.503 11.222 11.895 12.643 13.334 13.986 14.691 15.414 16.231 16.811 2.001 0.008 6666.000 33.000 
0.010 0.439 1.448 2.764 4.721 4.732 5.374 10.272 9.896 9.363 10.805 19.332 18.711 13.153 22.572 13.527 18.891 14.872 25.874 19.123 15.907 17.405 33.458 30.832 0.304 4.296 5364.000 27.000 
1.993 3.974 5.963 7.962 3.517 4.245 4.930 5.611 6.359 7.015 7.728 8.448 9.218 9.841 10.541 11.334 11.948 12.756 13.265 14.017 14.692 15.486 16.119 16.659 2.003 0.029 6666.000 33.000 
0.003 0.011 0.081 0.071 3.684 4.623 5.264 6.644 6.529 7.125 8.963 10.105 10.951 10.494 11.932 10.905 15.015 15.641 15.145 14.064 17.173 17.809 21.017 26.817 0.148 4.083 6666.000 33.000 
1.999 3.985 5.987 7.985 3.513 4.178 4.889 5.615 6.377 6.991 7.739 8.539 9.208 9.773 10.556 11.183 11.941 12.566 13.258 14.076 14.672 15.451 16.185 16.950 2.003 0.014 6666.000 33.000 
0.006 0.038 0.071 0.114 3.524 4.198 4.919 5.653 6.520 7.204 7.898 8.464 9.323 9.976 10.566 11.356 11.972 12.929 13.618 14.153 15.118 15.840 16.527 18.265 0.142 4.003 6666.000 33.000 
1.996 3.992 5.982 7.976 3.510 4.211 4.923 5.607 6.304 6.993 7.699 8.372 9.094 9.836 10.492 11.174 11.943 12.643 13.378 14.094 14.829 15.444 16.254 16.787 2.002 0.014 6666.000 33.000 
0.004 0.098 0.011 0.107 3.627 4.279 5.231 5.564 6.660 6.945 7.969 8.449 9.824 10.230 11.008 11.433 12.088 12.565 14.811 15.260 14.601 16.966 18.271 17.901 0.147 4.019 6666.000 33.000 
1.998 3.996 6.000 7.999 3.512 4.239 4.910 5.631 6.295 7.001 7.716 8.400 9.139 9.781 10.483 11.217 11.897 12.639 13.361 14.077 14.756 15.465 16.147 16.797 2.002 0.004 6666.000 33.000 
0.001 0.208 1.057 2.506 4.635 6.504 5.869 10.762 11.647 9.370 8.525 10.065 13.006 19.185 27.215 12.918 13.443 20.563 33.803 14.413 19.958 17.705 18.243 33.124 0.295 4.284 5685.000 28.000 
1.993 3.986 5.981 7.997 3.507 4.238 4.879 5.604 6.319 6.995 7.695 8.360 9.061 9.939 10.524 11.251 11.907 12.648 13.412 14.000 14.728 15.431 16.417 17.011 2.003 0.016 6666.000 33.000 
0.003 0.029 0.751 2.231 3.650 5.478 7.898 11.055 10.235 8.056 9.427 12.820 13.276 10.786 17.318 16.114 27.718 22.983 17.037 25.763 17.742 16.255 39.201 22.428 0.289 4.280 6666.000 33.000 
1.996 3.990 5.971 7.995 3.519 4.182 4.903 5.600 6.308 6.993 7.702 8.357 9.131 9.773 10.530 11.236 11.857 12.679 13.371 14.046 14.667 15.438 16.181 17.072 2.002 0.015 6666.000 33.000 
0.005 0.012 0.026 0.105 3.898 4.639 6.365 6.323 7.026 7.547 8.585 11.276 14.373 10.045 11.894 11.287 16.446 15.080 14.489 19.471 17.663 20.489 18.216 26.520 0.162 4.116 6666.000 33.000 
1.998 4.000 5.999 7.999 3.515 4.210 4.892 5.627 6.327 7.011 7.720 8.394 9.102 9.801 10.557 11.280 11.938 12.661 13.371 14.047 14.730 15.393 16.167 16.868 2.002 0.004 6666.000 33.000 
0.001 0.231 1.426 3.041 7.830 5.022 7.769 7.501 6.814 7.582 11.958 11.111 25.384 12.429 10.810 25.967 20.947 18.139 16.438 16.139 26.761 26.052 25.744 17.876 0.300 4.284 6666.000 33.000 
1.998 3.996 5.993 7.996 3.517 4.197 4.915 5.614 6.310 7.020 7.717 8.434 9.108 9.834 10.522 11.276 11.938 12.589 13.357 13.996 14.707 15.440 16.053 16.816 2.001 0.006 6666.000 33.000 
0.003 0.025 0.764 2.166 3.547 4.232 6.704 8.930 9.400 8.787 12.274 12.342 11.616 11.554 25.174 15.440 13.300 22.526 20.675 23.199 21.799 27.800 25.311 40.665 0.289 4.281 6666.000 33.000 
1.998 3.988 5.986 7.980 3.493 4.182 4.915 5.581 6.296 6.984 7.719 8.365 9.068 9.776 10.485 11.195 11.889 12.699 13.445 14.151 14.747 15.403 16.151 16.821 2.002 0.014 6666.000 33.000 
0.002 0.002 0.036 1.135 3.619 4.979 5.091 6.336 6.468 7.076 14.592 17.084 20.340 12.398 18.990 13.759 17.997 22.553 25.871 20.928 22.419 17.852 22.374 33.307 0.268 4.261 6666.000 33.000 
1.996 3.994 5.991 7.987 3.499 4.197 4.899 5.599 6.317 7.014 7.706 8.423 9.117 9.829 10.534 11.230 11.911 12.636 13.288 14.011 14.705 15.389 16.163 16.827 2.001 0.009 6666.000 33.000 
0.001 0.182 0.789 2.807 4.052 4.617 5.476 6.536 7.308 8.326 8.519 11.616 19.569 13.097 27.971 25.631 16.869 19.079 16.831 22.185 16.287 22.082 44.648 29.396 0.296 4.287 6666.000 33.000 
2.000 3.987 5.996 7.985 3.539 4.259 4.888 5.630 6.355 6.982 7.682 8.377 9.154 9.840 10.571 11.246 11.923 12.600 13.307 14.093 14.849 15.554 16.169 16.794 2.003 0.010 6666.000 33.000 
0.003 0.005 0.020 0.068 3.508 4.296 4.994 5.699 6.361 7.197 7.834 8.463 9.268 9.787 10.749 11.164 12.081 12.923 13.601 14.305 15.030 15.558 16.438 17.112 0.073 4.007 6666.000 33.000 
1.999 3.991 5.988 7.999 3.490 4.196 4.938 5.625 6.313 7.019 7.730 8.414 9.111 9.788 10.532 11.211 11.921 12.601 13.314 14.017 14.698 15.401 16.122 16.837 2.001 0.007 6666.000 33.000 
0.003 0.031 0.013 0.058 3.611 4.572 5.070 5.823 6.574 6.978 8.465 8.113 8.901 10.999 11.609 10.982 11.995 12.967 13.546 15.915 15.879 18.470 20.700 19.620 0.112 4.042 6666.000 33.000 
2.000 3.997 5.998 7.996 3.496 4.181 4.919 5.607 6.294 6.991 7.725 8.415 9.102 9.791 10.571 11.248 11.920 12.584 13.324 14.062 14.778 15.453 16.146 16.809 2.002 0.004 6666.000 33.000 
0.011 0.433 1.531 2.841 4.923 7.045 7.482 6.963 6.839 8.010 13.124 18.586 23.400 15.413 12.821 20.876 24.417 16.105 20.246 14.186 16.471 22.794 33.768 19.509 0.304 4.295 5364.000 27.000 
1.997 3.986 5.984 7.970 3.511 4.193 4.898 5.581 6.284 7.026 7.725 8.474 9.135 9.782 10.597 11.251 12.033 12.576 13.408 13.968 14.807 15.469 16.332 17.044 2.003 0.017 6666.000 33.000 
0.000 0.242 1.061 2.569 3.879 4.908 5.347 8.451 7.117 8.037 9.896 20.003 11.775 10.472 18.378 11.954 21.323 12.798 33.989 17.190 34.815 23.685 27.278 40.912 0.296 4.286 6666.000 33.000 
1.993 3.991 5.999 7.991 3.508 4.220 4.938 5.582 6.351 7.033 7.710 8.384 9.113 9.856 10.478 11.245 11.946 12.563 13.424 14.132 14.780 15.413 16.258 17.051 2.003 0.012 6666.000 33.000 
0.004 0.015 0.206 1.312 4.160 5.576 4.938 6.438 7.154 7.159 11.135 23.004 16.180 20.045 16.422 13.193 12.315 16.130 21.149 20.083 20.165 21.981 36.045 32.499 0.278 4.266 6666.000 33.000 
1.999 3.997 5.993 7.974 3.505 4.211 4.918 5.629 6.321 7.014 7.695 8.379 9.088 9.877 10.559 11.159 11.955 12.594 13.371 14.056 14.754 15.432 16.082 16.906 2.002 0.009 6666.000 33.000 
0.004 0.011 0.030 0.031 3.349 4.244 5.514 6.572 6.978 8.063 8.643 8.327 10.375 10.295 12.406 13.358 12.728 15.882 18.962 16.003 19.082 17.766 19.908 18.981 0.124 4.082 6666.000 33.000 
1.997 3.996 5.986 7.970 3.494 4.232 4.898 5.619 6.303 7.038 7.698 8.450 9.085 9.815 10.579 11.252 11.895 12.583 13.339 14.046 14.732 15.383 16.201 16.875 2.002 0.012 6666.000 33.000 
