0.001 0.245 0.257 0.000 9.756 11.866 12.983 4.756 5.057 5.570 5.673 5.999 6.289 6.425 6.638 6.859 7.175 7.192 7.306 7.649 7.683 7.798 7.943 7.826 0.231 4.146 6666.000 33.000 
1.997 3.994 5.986 7.985 0.023 2.210 0.716 6.361 15.951 5.409 4.155 19.623 22.609 4.380 25.671 1.090 27.919 3.529 29.945 33.326 36.252 38.915 41.407 43.776 2.451 0.463 6666.000 33.000 
0.029 0.011 0.103 0.024 9.978 11.943 5.454 3.636 3.910 3.954 4.054 4.346 4.489 4.547 4.428 4.496 4.577 4.781 4.462 4.570 4.662 4.288 4.407 4.549 0.151 4.121 6666.000 33.000 
1.996 3.955 5.696 7.818 2.416 0.901 1.139 1.838 1.689 8.800 8.214 8.469 8.633 8.927 9.427 10.055 10.177 10.655 11.124 11.363 11.715 11.897 12.338 12.943 2.256 0.394 6666.000 33.000 
0.009 0.026 0.041 0.120 9.882 11.934 13.534 4.697 5.079 5.410 5.595 5.923 6.083 6.507 7.226 7.091 7.338 7.191 7.789 7.711 7.701 7.697 8.376 8.521 0.183 4.157 6666.000 33.000 
1.999 3.973 5.996 7.943 0.017 1.394 2.873 3.026 0.491 8.774 7.672 8.136 8.518 9.007 9.366 9.674 10.132 10.657 10.855 11.355 11.536 12.079 12.201 12.436 2.252 0.276 6666.000 33.000 
0.014 0.004 0.079 0.125 9.884 11.891 13.140 4.644 5.130 5.384 5.563 6.141 6.023 6.557 6.922 7.358 7.223 7.735 7.323 7.782 8.019 7.697 8.042 8.788 0.188 4.158 6666.000 33.000 
1.992 3.974 5.953 7.935 0.348 0.491 1.884 0.098 13.245 1.239 7.695 8.481 8.805 9.227 9.806 10.211 10.300 10.840 11.106 11.292 11.569 12.082 12.636 12.566 2.257 0.298 6666.000 33.000 
0.008 0.057 0.116 0.104 9.897 11.769 9.770 4.257 4.479 4.912 5.115 5.126 5.606 5.549 5.614 5.722 6.101 6.251 6.150 6.350 6.451 6.675 6.516 6.442 0.181 4.140 6666.000 33.000 
1.999 4.000 5.997 7.998 0.182 0.653 4.423 14.804 0.545 0.036 17.284 20.575 3.076 0.093 16.508 19.088 22.559 26.505 30.179 33.466 36.376 39.047 41.435 43.800 2.353 0.355 6666.000 33.000 
0.027 0.076 0.055 0.135 9.956 11.873 7.415 3.869 4.257 4.359 4.574 4.726 4.735 4.986 5.554 5.417 5.350 5.399 5.559 5.358 5.644 5.487 5.277 5.538 0.177 4.130 6666.000 33.000 
1.994 4.000 5.793 7.825 0.001 0.887 2.024 5.709 0.591 9.762 10.183 7.105 15.406 18.454 15.922 16.211 17.111 18.522 19.637 20.903 23.371 25.531 28.854 32.561 2.314 0.408 6666.000 33.000 
0.000 0.044 0.158 0.027 9.980 11.978 9.257 4.219 4.481 4.728 4.867 5.066 5.316 5.434 5.542 5.628 5.751 5.805 5.858 5.904 6.009 6.021 6.063 5.991 0.166 4.133 6666.000 33.000 
1.996 3.984 5.890 7.939 0.009 3.881 1.552 6.003 5.938 6.717 2.102 11.073 9.237 9.618 10.045 10.452 10.911 11.296 11.710 12.120 12.465 12.838 13.234 13.560 2.351 0.401 6666.000 33.000 
0.003 0.049 0.339 0.011 9.895 11.907 6.789 3.855 4.016 4.305 4.648 5.150 4.688 5.040 5.028 5.512 5.669 5.164 5.536 5.502 5.550 5.273 5.962 5.322 0.189 4.131 6666.000 33.000 
1.988 3.942 5.603 7.560 1.875 1.899 0.010 2.994 2.541 9.242 7.744 8.292 8.535 8.996 9.470 10.164 10.209 10.887 11.011 11.517 11.782 11.931 12.579 12.857 2.252 0.477 6666.000 33.000 
0.000 0.447 0.620 0.137 9.936 11.644 6.540 4.448 4.572 4.861 4.808 5.370 5.221 5.283 5.711 5.673 5.865 6.187 6.032 6.453 6.225 6.537 6.087 6.365 0.310 4.111 6666.000 33.000 
1.984 3.955 5.973 7.955 0.011 0.339 0.520 0.020 8.711 8.697 7.695 8.298 8.495 8.972 9.623 9.961 10.093 10.512 10.927 11.456 11.761 12.131 12.787 12.188 2.207 0.254 6666.000 33.000 
0.002 0.042 0.001 0.047 9.965 11.927 8.210 4.022 4.262 4.493 4.575 4.728 4.867 4.981 5.224 5.332 5.415 5.365 5.501 5.438 5.517 5.457 5.409 5.387 0.145 4.131 6666.000 33.000 
1.989 3.995 5.962 7.922 0.735 1.930 0.954 3.555 0.567 9.301 8.560 8.302 8.894 9.266 9.677 9.929 10.212 10.976 11.257 11.734 12.077 12.103 12.751 12.641 2.259 0.294 6666.000 33.000 
0.003 0.003 0.000 0.014 9.998 9.724 4.387 15.939 16.744 6.235 7.396 12.005 23.481 10.943 22.353 23.340 24.394 21.772 25.346 29.289 33.062 36.453 39.457 42.180 0.360 4.357 6666.000 33.000 
2.000 3.824 5.900 7.957 1.067 1.771 1.588 1.082 2.947 9.524 8.379 8.201 8.725 9.105 9.587 10.131 10.539 10.724 11.143 11.506 11.665 12.020 12.535 12.685 2.253 0.358 6666.000 33.000 
0.011 0.020 0.035 0.065 9.961 11.837 8.030 3.935 4.149 4.557 4.698 4.971 4.896 5.101 5.339 5.527 5.294 5.366 5.484 5.347 5.402 5.091 5.675 5.639 0.154 4.134 6666.000 33.000 
1.972 3.929 5.740 7.768 0.209 0.722 0.473 0.344 8.273 6.902 7.555 7.764 8.250 8.943 9.228 9.679 9.839 9.998 10.586 11.092 11.387 11.329 11.444 12.645 2.208 0.373 6666.000 33.000 
0.037 0.020 0.159 0.080 9.900 11.904 5.128 3.717 3.913 4.015 4.041 4.105 4.386 4.450 4.462 4.444 4.465 4.606 4.623 4.506 4.464 4.508 4.306 4.080 0.166 4.118 6666.000 33.000 
1.977 3.956 5.955 7.969 0.001 0.057 2.581 1.741 5.138 10.244 11.178 12.544 14.348 16.923 20.452 24.333 27.854 10.805 31.301 5.675 33.819 36.969 39.906 42.492 2.353 0.406 6666.000 33.000 
0.001 0.036 0.062 0.080 9.902 11.926 11.756 4.416 4.873 5.015 5.431 5.527 5.770 6.010 6.546 6.478 6.796 7.030 6.852 6.873 6.996 7.200 8.092 7.782 0.175 4.151 6666.000 33.000 
1.985 3.977 5.949 7.947 0.695 1.357 1.904 2.581 0.765 7.005 7.457 7.854 8.252 8.768 9.258 9.498 9.955 10.243 10.484 10.800 11.212 11.524 11.856 12.215 2.253 0.297 6666.000 33.000 
0.005 0.062 0.009 0.070 9.919 11.864 11.308 4.370 4.678 4.943 5.308 6.174 6.400 6.756 6.610 6.581 6.644 6.899 7.221 7.470 7.050 7.566 9.339 7.546 0.181 4.159 6666.000 33.000 
1.994 3.973 5.963 7.949 0.101 1.018 0.515 3.554 3.611 9.204 7.768 8.146 8.735 9.213 9.742 10.055 10.387 10.867 11.240 11.511 11.856 12.243 12.606 12.658 2.255 0.290 6666.000 33.000 
0.022 0.061 0.008 0.071 9.990 11.958 6.618 3.778 3.979 4.142 4.312 4.584 4.632 4.706 4.795 4.721 4.775 4.867 4.947 4.838 4.846 4.749 4.974 4.937 0.152 4.123 6666.000 33.000 
1.999 3.998 5.987 7.985 0.009 0.166 3.424 0.317 14.119 10.850 18.907 21.512 1.877 2.108 23.799 4.112 25.431 29.046 1.688 30.131 33.773 36.988 39.881 42.512 2.449 0.457 6666.000 33.000 
0.005 0.013 0.021 0.026 9.967 11.858 7.373 3.942 4.037 4.292 4.405 4.497 4.819 5.047 5.008 5.072 5.279 5.222 5.157 5.041 5.045 5.034 4.888 5.177 0.140 4.130 6666.000 33.000 
1.999 3.999 5.998 7.996 4.855 1.798 3.847 5.923 16.898 0.102 0.581 3.724 20.375 23.624 26.421 28.870 31.192 33.376 35.511 37.606 39.693 41.714 43.738 45.746 2.352 0.354 6666.000 33.000 
0.013 0.026 0.053 0.054 9.969 11.915 4.363 3.381 3.555 3.649 3.816 3.967 3.841 3.983 3.964 3.941 3.895 3.976 4.004 3.821 3.792 3.675 3.706 3.863 0.134 4.112 6666.000 33.000 
2.000 3.948 5.802 7.956 0.422 0.200 0.126 0.091 8.778 7.802 7.759 8.195 8.464 8.721 9.493 9.540 9.966 10.556 10.711 11.477 11.821 11.996 12.451 12.555 2.211 0.293 6666.000 33.000 
0.021 0.065 0.749 0.507 9.979 11.893 4.911 3.900 4.515 4.283 4.926 5.050 5.093 4.943 5.807 5.276 5.432 5.861 5.689 5.991 5.967 5.598 6.210 4.999 0.296 4.113 6666.000 33.000 
2.000 3.999 5.999 7.993 0.374 1.112 7.662 0.856 3.350 3.584 12.735 15.880 19.623 23.108 26.031 28.628 30.989 33.218 35.370 37.495 39.561 41.654 43.689 45.703 2.302 0.305 6666.000 33.000 
0.002 0.015 0.082 0.129 9.992 11.955 13.504 15.168 8.842 7.944 14.131 8.218 12.206 10.750 13.347 31.390 17.792 19.252 21.406 24.373 28.039 32.047 35.804 39.339 0.333 4.306 6666.000 33.000 
1.981 3.983 5.825 7.948 0.066 0.047 0.743 0.270 8.330 7.023 7.508 7.888 8.356 9.023 9.452 9.862 9.787 10.304 10.581 11.044 11.685 12.057 12.388 12.767 2.208 0.286 6666.000 33.000 
