0.069 3.960 0.084 0.055 9.752 5.257 6.582 7.625 5.178 19.141 9.665 10.847 6.651 26.778 12.186 13.240 29.632 29.914 3.633 32.793 31.222 16.839 22.866 3.517 0.497 4.398 1666.000 17.000 
0.008 0.021 4.413 5.403 4.753 2.411 9.692 5.067 2.962 16.133 16.566 1.997 18.317 23.450 15.609 9.571 10.808 16.125 31.959 31.179 16.451 35.859 22.852 19.242 2.919 1.114 1666.000 17.000 
1.419 2.738 5.670 6.899 9.197 8.209 11.069 10.889 13.744 7.328 5.835 2.722 19.025 9.689 21.919 26.263 22.384 1.711 1.685 11.633 4.710 18.617 23.940 41.855 1.345 4.492 1666.000 17.000 
1.596 3.993 1.101 5.780 6.219 1.774 4.381 12.289 5.068 12.778 9.920 18.866 2.508 11.473 21.259 13.823 33.856 33.281 35.484 2.033 28.872 23.231 27.218 4.321 2.769 0.974 1666.000 17.000 
1.076 2.138 5.958 3.586 3.874 0.260 1.610 4.753 12.364 0.606 15.579 11.156 16.767 18.109 20.780 15.930 25.157 6.957 30.558 12.733 34.037 38.566 41.706 47.426 0.262 4.125 1666.000 17.000 
0.631 1.260 2.977 6.027 6.185 4.536 8.233 8.085 2.827 13.948 13.155 9.593 13.171 2.285 18.263 7.431 25.941 19.117 7.552 18.137 10.543 0.645 31.583 21.793 2.397 1.248 1666.000 17.000 
1.282 3.986 5.978 3.852 2.062 3.963 2.931 7.254 11.577 0.310 15.002 16.806 17.175 14.881 15.730 21.687 17.790 26.375 37.967 26.785 41.362 43.409 22.125 0.055 0.271 4.132 1666.000 17.000 
0.030 0.314 4.009 4.916 6.861 4.456 3.152 1.028 9.286 14.427 11.950 7.544 6.035 11.358 3.097 31.540 31.242 25.242 28.772 20.713 36.704 23.821 19.614 15.639 2.858 1.068 1666.000 17.000 
1.533 0.351 4.548 0.729 1.761 8.969 2.268 9.759 11.707 12.652 14.126 15.088 14.611 3.351 20.217 18.312 20.068 20.680 19.177 1.549 19.052 2.928 21.163 9.635 0.626 4.041 1666.000 17.000 
0.590 3.923 1.737 0.056 6.308 3.270 4.141 3.551 10.096 10.259 10.481 15.417 6.891 8.839 13.863 14.429 15.029 15.688 21.437 15.731 21.003 20.289 14.934 14.780 2.167 0.494 1666.000 17.000 
0.127 1.062 1.037 2.352 5.573 5.316 4.879 8.706 10.923 11.903 14.191 14.308 16.153 19.403 21.110 22.435 22.552 24.603 19.477 29.993 33.289 32.455 37.647 47.560 0.167 4.102 1666.000 17.000 
0.257 0.233 5.698 7.560 7.459 8.197 9.722 15.883 11.484 12.421 10.465 6.878 18.590 13.262 16.529 26.719 18.471 30.088 28.989 32.616 29.795 43.886 44.426 12.266 2.344 0.560 1666.000 17.000 
0.349 1.209 5.969 1.758 7.523 6.430 9.270 10.542 10.138 13.464 6.119 11.614 12.933 17.131 15.268 19.320 19.466 17.877 16.733 24.904 14.492 16.357 17.984 20.378 0.271 4.169 1666.000 17.000 
1.359 2.503 5.350 0.793 0.207 3.393 13.500 14.339 11.454 18.821 5.473 19.833 24.473 18.488 2.375 21.085 19.581 2.303 15.642 4.516 11.583 29.966 23.977 23.525 2.734 1.062 1666.000 17.000 
0.204 2.985 0.639 5.789 7.778 1.311 2.259 9.405 13.104 14.515 2.452 2.661 19.055 3.023 21.477 22.707 3.960 27.777 22.659 5.771 30.457 24.497 15.782 5.319 0.775 4.058 1666.000 17.000 
0.654 1.345 0.009 0.465 7.492 8.115 12.038 8.655 3.451 9.201 15.454 5.674 17.175 22.632 24.419 17.639 4.939 27.293 4.065 26.385 22.814 23.477 12.644 8.072 2.346 0.551 1666.000 17.000 
1.724 3.783 5.351 0.169 2.988 3.919 5.347 5.754 5.527 6.737 5.543 4.719 10.241 12.163 10.388 7.019 10.170 9.156 13.142 14.680 17.900 18.291 22.500 22.245 0.540 3.931 1666.000 17.000 
1.610 3.048 5.922 2.343 7.525 9.255 5.064 5.350 11.739 11.413 20.298 6.108 18.335 14.818 21.067 5.280 28.198 1.697 3.272 29.915 22.328 19.013 34.678 10.339 2.589 0.947 1666.000 17.000 
0.637 1.585 0.558 1.652 5.777 7.327 5.226 10.835 11.329 9.667 15.489 14.604 14.590 18.482 17.318 21.307 17.741 22.503 28.770 30.117 27.866 31.450 38.078 47.868 0.163 4.098 1666.000 17.000 
1.984 1.644 2.765 7.379 2.842 8.286 13.133 14.357 7.653 6.349 15.307 17.036 8.689 16.213 1.362 5.603 33.150 10.440 9.390 9.468 0.597 20.715 30.986 31.453 2.820 1.128 1666.000 17.000 
1.031 2.141 5.932 0.278 0.481 9.538 10.879 11.825 12.320 17.428 16.017 18.898 5.379 11.677 20.517 11.605 22.860 22.749 9.269 36.765 25.033 7.277 27.294 11.253 0.635 4.353 1666.000 17.000 
1.622 0.087 5.985 6.204 2.447 11.872 2.364 7.679 4.347 1.340 6.524 10.561 25.943 11.742 19.102 21.552 8.511 29.796 1.902 24.920 29.995 35.843 33.930 46.527 2.201 0.411 1666.000 17.000 
1.376 0.581 0.942 2.427 7.739 8.788 1.692 5.680 6.949 9.149 18.479 12.553 16.392 19.558 23.222 24.772 26.955 26.407 1.251 1.433 3.385 14.150 8.470 41.616 1.070 4.262 1666.000 17.000 
1.119 2.145 0.669 0.129 6.723 11.069 2.083 15.312 9.033 6.128 7.115 17.870 12.621 25.276 18.607 27.667 0.288 3.687 5.256 12.542 34.760 20.495 43.112 37.689 2.699 0.910 1666.000 17.000 
1.942 0.038 5.741 7.552 3.878 2.092 3.203 7.312 7.203 9.555 7.336 13.116 9.165 8.650 10.577 6.088 11.221 11.125 12.614 19.695 17.405 23.481 13.711 17.448 0.303 4.108 1666.000 17.000 
1.424 0.843 2.079 6.232 1.347 6.592 12.299 4.543 5.962 1.865 2.291 23.905 21.620 17.230 11.843 14.826 16.626 17.543 30.317 26.202 35.606 5.116 36.113 38.573 2.604 0.818 1666.000 17.000 
0.094 3.490 0.261 0.396 1.396 8.671 8.818 11.214 2.577 11.809 13.146 4.835 16.757 17.288 16.127 21.230 18.042 5.811 6.078 21.782 27.740 25.138 18.513 12.108 0.482 4.149 1666.000 17.000 
1.980 3.945 1.785 2.454 6.347 4.755 8.749 2.294 9.071 10.177 6.045 12.813 9.043 18.311 13.434 20.236 13.655 19.774 17.222 20.216 11.808 17.539 13.275 12.005 2.205 0.460 1666.000 17.000 
0.097 1.279 0.620 3.513 5.625 6.996 7.612 8.846 9.495 12.082 12.216 15.486 15.823 19.152 21.539 23.170 23.444 24.241 27.778 29.786 31.448 35.400 36.167 47.916 0.160 4.095 1666.000 17.000 
0.421 3.056 2.744 5.817 2.124 7.743 9.747 12.822 2.334 15.450 15.895 8.236 24.033 12.487 18.332 12.491 25.475 17.712 11.141 28.255 34.532 8.291 11.631 12.526 2.682 0.964 1666.000 17.000 
0.074 3.975 0.245 0.361 2.237 5.354 6.384 8.427 17.977 6.431 3.213 3.697 14.927 9.463 20.164 15.731 22.441 18.518 27.611 24.280 27.744 32.409 25.901 46.968 0.209 4.123 1666.000 17.000 
0.005 1.377 2.174 0.529 4.607 10.237 5.891 8.364 14.076 9.409 17.144 18.077 19.450 5.657 20.782 21.387 22.542 15.055 32.405 9.949 3.805 13.569 10.434 13.446 2.474 0.681 1666.000 17.000 
1.939 3.937 0.104 0.954 9.323 1.239 13.336 0.988 5.684 0.915 21.555 6.630 13.865 7.790 13.126 31.589 5.809 22.979 37.910 38.140 2.844 18.847 4.937 47.591 0.411 4.224 1666.000 17.000 
0.014 0.097 5.371 7.024 6.475 8.062 11.932 1.459 6.132 16.820 11.008 20.682 11.124 0.246 25.198 10.731 27.095 9.193 2.434 28.146 33.335 28.431 35.496 47.131 2.711 0.906 1666.000 17.000 
0.238 0.183 1.497 2.291 6.794 8.430 9.091 10.785 12.427 13.272 14.957 14.358 17.931 17.813 20.116 20.915 33.757 35.989 36.811 3.146 6.944 43.118 41.889 0.012 0.223 4.158 1666.000 17.000 
1.977 1.256 5.958 2.471 3.575 5.943 3.596 10.521 10.645 9.285 10.343 5.102 12.959 5.904 17.489 20.282 18.261 14.682 16.491 16.628 15.532 16.177 11.390 22.411 2.150 0.407 1666.000 17.000 
1.711 1.595 4.570 6.104 4.146 8.612 6.836 11.114 14.862 18.849 9.271 7.022 8.202 19.588 12.161 27.599 28.190 2.031 4.351 12.738 5.817 13.046 12.520 30.224 1.213 4.478 1666.000 17.000 
1.138 0.355 5.932 4.031 3.907 1.254 0.830 9.583 12.141 12.172 14.277 23.251 2.848 25.271 15.953 25.176 13.268 25.698 0.942 0.570 40.985 0.486 33.766 41.313 2.707 0.944 1666.000 17.000 
0.281 1.351 1.807 3.104 9.238 10.522 6.274 12.404 15.078 13.083 13.576 15.026 15.947 16.087 15.158 19.260 9.230 22.159 13.924 21.791 12.708 23.535 21.929 23.791 0.350 4.281 1666.000 17.000 
1.989 1.435 2.487 1.783 3.645 11.691 5.370 3.833 17.719 2.122 13.610 8.466 9.074 27.432 20.310 5.497 21.655 22.397 4.071 34.077 40.518 11.996 11.641 19.642 2.868 1.148 1666.000 17.000 
